#
# There is insufficient memory for the Java Runtime Environment to continue.
# Native memory allocation (malloc) failed to allocate 32744 bytes for ChunkPool::allocate
# Possible reasons:
#   The system is out of physical RAM or swap space
#   The process is running with CompressedOops enabled, and the Java Heap may be blocking the growth of the native heap
# Possible solutions:
#   Reduce memory load on the system
#   Increase physical memory or swap space
#   Check if swap backing store is full
#   Decrease Java heap size (-Xmx/-Xms)
#   Decrease number of Java threads
#   Decrease Java thread stack sizes (-Xss)
#   Set larger code cache with -XX:ReservedCodeCacheSize=
#   JVM is running with Unscaled Compressed Oops mode in which the Java heap is
#     placed in the first 4GB address space. The Java Heap base address is the
#     maximum limit for the native heap growth. Please use -XX:HeapBaseMinAddress
#     to set the Java Heap base and to place the Java Heap above 4GB virtual address.
# This output file may be truncated or incomplete.
#
#  Out of Memory Error (./src/hotspot/share/memory/arena.cpp:81), pid=7068, tid=16908
#
# JRE version: OpenJDK Runtime Environment (11.0.10) (build 11.0.10+0-b96-7249189)
# Java VM: OpenJDK 64-Bit Server VM (11.0.10+0-b96-7249189, mixed mode, tiered, compressed oops, g1 gc, windows-amd64)
# No core dump will be written. Minidumps are not enabled by default on client versions of Windows
#

---------------  S U M M A R Y ------------

Command Line: --add-opens=java.base/java.util=ALL-UNNAMED --add-opens=java.base/java.lang=ALL-UNNAMED --add-opens=java.base/java.lang.invoke=ALL-UNNAMED --add-opens=java.base/java.util=ALL-UNNAMED --add-opens=java.prefs/java.util.prefs=ALL-UNNAMED --add-opens=java.prefs/java.util.prefs=ALL-UNNAMED --add-opens=java.base/java.nio.charset=ALL-UNNAMED --add-opens=java.base/java.net=ALL-UNNAMED --add-opens=java.base/java.util.concurrent.atomic=ALL-UNNAMED -Xmx2048m -Dfile.encoding=UTF-8 -Duser.country=KR -Duser.language=ko -Duser.variant org.gradle.launcher.daemon.bootstrap.GradleDaemon 7.0.2

Host: Intel(R) Core(TM) i7-8700K CPU @ 3.70GHz, 12 cores, 15G,  Windows 10 , 64 bit Build 19041 (10.0.19041.1348)
Time: Sun Nov 14 20:20:52 2021 대한민국 표준시 elapsed time: 17.532442 seconds (0d 0h 0m 17s)

---------------  T H R E A D  ---------------

Current thread (0x0000020564e13800):  VMThread "VM Thread" [stack: 0x000000a61e400000,0x000000a61e500000] [id=16908] _threads_hazard_ptr=0x0000020566f208e0

Stack: [0x000000a61e400000,0x000000a61e500000]
[error occurred during error reporting (printing stack bounds), id 0xc0000005, EXCEPTION_ACCESS_VIOLATION (0xc0000005) at pc=0x000002054d7f0f2d]

Native frames: (J=compiled Java code, j=interpreted, Vv=VM code, C=native code)
V  [jvm.dll+0x5ecfaa]
V  [jvm.dll+0x722bd5]
V  [jvm.dll+0x72412d]
V  [jvm.dll+0x724745]
V  [jvm.dll+0x7246fb]
V  [jvm.dll+0x5ec348]
V  [jvm.dll+0x5ecad8]
C  [ntdll.dll+0xa20cf]
C  [ntdll.dll+0x51454]
C  [ntdll.dll+0xa0bfe]
C  0x000002054d7f0f2d

VM_Operation (0x000000a6207facf0): BulkRevokeBias, mode: safepoint, requested by thread 0x000002056551d800


---------------  P R O C E S S  ---------------

Threads class SMR info:
_java_thread_list=0x0000020566f208e0, length=74, elements={
0x0000020549cfc800, 0x0000020564e18000, 0x0000020564e19000, 0x0000020564e8e800,
0x0000020564e8f000, 0x0000020564e90000, 0x0000020564e9f000, 0x0000020564ea9800,
0x0000020564eae800, 0x0000020565023000, 0x00000205669b0800, 0x0000020566d4b800,
0x00000205671f1800, 0x00000205650e1000, 0x0000020567849000, 0x0000020566913800,
0x0000020566438000, 0x0000020567555000, 0x0000020565f99000, 0x0000020567883000,
0x0000020567881800, 0x0000020567880800, 0x0000020567886800, 0x0000020567884000,
0x0000020567884800, 0x0000020567885800, 0x0000020567887000, 0x0000020567882000,
0x000002056a970000, 0x000002056a972800, 0x000002056a96e800, 0x000002056a96f000,
0x000002056a974000, 0x000002056a975800, 0x000002056a977800, 0x000002056a971800,
0x000002056a978000, 0x000002056a979000, 0x000002056a979800, 0x000002056a97a800,
0x000002056a97b800, 0x000002056a97c000, 0x000002056a97d000, 0x00000205685ed000,
0x00000205685ef800, 0x00000205685f2000, 0x00000205685f1000, 0x00000205685f3800,
0x00000205685f0800, 0x00000205685ee000, 0x00000205685f3000, 0x00000205685f4800,
0x00000205685ef000, 0x00000205685f9800, 0x00000205685fb000, 0x00000205685fa000,
0x00000205685f7800, 0x00000205685f8800, 0x00000205685f6000, 0x00000205685fc000,
0x00000205685f7000, 0x000002056c783000, 0x000002056c784000, 0x000002056c780000,
0x000002056c785800, 0x000002056c785000, 0x000002056c786800, 0x000002056c780800,
0x000002056c781800, 0x000002056c782800, 0x0000020565516800, 0x0000020565516000,
0x0000020565519000, 0x000002056551d800
}

Java Threads: ( => current thread )
  0x0000020549cfc800 JavaThread "main" [_thread_blocked, id=20832, stack(0x000000a61de00000,0x000000a61df00000)]
  0x0000020564e18000 JavaThread "Reference Handler" daemon [_thread_blocked, id=12392, stack(0x000000a61e500000,0x000000a61e600000)]
  0x0000020564e19000 JavaThread "Finalizer" daemon [_thread_blocked, id=5796, stack(0x000000a61e600000,0x000000a61e700000)]
  0x0000020564e8e800 JavaThread "Signal Dispatcher" daemon [_thread_blocked, id=20660, stack(0x000000a61e700000,0x000000a61e800000)]
  0x0000020564e8f000 JavaThread "Attach Listener" daemon [_thread_blocked, id=5916, stack(0x000000a61e800000,0x000000a61e900000)]
  0x0000020564e90000 JavaThread "Service Thread" daemon [_thread_blocked, id=11148, stack(0x000000a61e900000,0x000000a61ea00000)]
  0x0000020564e9f000 JavaThread "C2 CompilerThread0" daemon [_thread_blocked, id=11896, stack(0x000000a61ea00000,0x000000a61eb00000)]
  0x0000020564ea9800 JavaThread "C1 CompilerThread0" daemon [_thread_blocked, id=4680, stack(0x000000a61eb00000,0x000000a61ec00000)]
  0x0000020564eae800 JavaThread "Sweeper thread" daemon [_thread_blocked, id=20412, stack(0x000000a61ec00000,0x000000a61ed00000)]
  0x0000020565023000 JavaThread "Common-Cleaner" daemon [_thread_blocked, id=16500, stack(0x000000a61ed00000,0x000000a61ee00000)]
  0x00000205669b0800 JavaThread "Daemon health stats" [_thread_blocked, id=11920, stack(0x000000a61f600000,0x000000a61f700000)]
  0x0000020566d4b800 JavaThread "Incoming local TCP Connector on port 52916" [_thread_in_native, id=20560, stack(0x000000a61ef00000,0x000000a61f000000)]
  0x00000205671f1800 JavaThread "Daemon periodic checks" [_thread_blocked, id=12296, stack(0x000000a61f000000,0x000000a61f100000)]
  0x00000205650e1000 JavaThread "Daemon" [_thread_blocked, id=15020, stack(0x000000a61f700000,0x000000a61f800000)]
  0x0000020567849000 JavaThread "Handler for socket connection from /127.0.0.1:52916 to /127.0.0.1:52917" [_thread_in_native, id=20288, stack(0x000000a61f800000,0x000000a61f900000)]
  0x0000020566913800 JavaThread "Cancel handler" [_thread_blocked, id=8012, stack(0x000000a61f900000,0x000000a61fa00000)]
  0x0000020566438000 JavaThread "Daemon worker" [_thread_blocked, id=8712, stack(0x000000a61fa00000,0x000000a61fb00000)]
  0x0000020567555000 JavaThread "Asynchronous log dispatcher for DefaultDaemonConnection: socket connection from /127.0.0.1:52916 to /127.0.0.1:52917" [_thread_blocked, id=2292, stack(0x000000a61fb00000,0x000000a61fc00000)]
  0x0000020565f99000 JavaThread "Stdin handler" [_thread_blocked, id=12500, stack(0x000000a61fc00000,0x000000a61fd00000)]
  0x0000020567883000 JavaThread "Daemon client event forwarder" [_thread_blocked, id=6948, stack(0x000000a61fd00000,0x000000a61fe00000)]
  0x0000020567881800 JavaThread "Cache worker for file hash cache (C:\Users\mg010\.gradle\caches\7.0.2\fileHashes)" [_thread_blocked, id=20584, stack(0x000000a61fe00000,0x000000a61ff00000)]
  0x0000020567880800 JavaThread "File lock request listener" [_thread_in_native, id=5852, stack(0x000000a61ff00000,0x000000a620000000)]
  0x0000020567886800 JavaThread "Cache worker for journal cache (C:\Users\mg010\.gradle\caches\journal-1)" [_thread_blocked, id=12832, stack(0x000000a620600000,0x000000a620700000)]
  0x0000020567884000 JavaThread "Cache worker for file hash cache (D:\KuLeumBridgeProject\KuleumBridge\.gradle\7.0.2\fileHashes)" [_thread_blocked, id=15012, stack(0x000000a620800000,0x000000a620900000)]
  0x0000020567884800 JavaThread "File watcher server" daemon [_thread_blocked, id=1292, stack(0x000000a620900000,0x000000a620a00000)]
  0x0000020567885800 JavaThread "File watcher consumer" daemon [_thread_blocked, id=11732, stack(0x000000a620a00000,0x000000a620b00000)]
  0x0000020567887000 JavaThread "Cache worker for checksums cache (D:\KuLeumBridgeProject\KuleumBridge\.gradle\checksums)" [_thread_blocked, id=9584, stack(0x000000a620b00000,0x000000a620c00000)]
  0x0000020567882000 JavaThread "Cache worker for cache directory md-supplier (C:\Users\mg010\.gradle\caches\7.0.2\md-supplier)" [_thread_blocked, id=1676, stack(0x000000a620c00000,0x000000a620d00000)]
  0x000002056a970000 JavaThread "Cache worker for cache directory md-rule (C:\Users\mg010\.gradle\caches\7.0.2\md-rule)" [_thread_blocked, id=11628, stack(0x000000a620e00000,0x000000a620f00000)]
  0x000002056a972800 JavaThread "Cache worker for execution history cache (C:\Users\mg010\.gradle\caches\7.0.2\executionHistory)" [_thread_blocked, id=11856, stack(0x000000a620f00000,0x000000a621000000)]
  0x000002056a96e800 JavaThread "jar transforms" [_thread_blocked, id=20704, stack(0x000000a621000000,0x000000a621100000)]
  0x000002056a96f000 JavaThread "jar transforms Thread 2" [_thread_blocked, id=15228, stack(0x000000a621100000,0x000000a621200000)]
  0x000002056a974000 JavaThread "Cache worker for file content cache (C:\Users\mg010\.gradle\caches\7.0.2\fileContent)" [_thread_blocked, id=12252, stack(0x000000a621200000,0x000000a621300000)]
  0x000002056a975800 JavaThread "Cache worker for dependencies-accessors (D:\KuLeumBridgeProject\KuleumBridge\.gradle\7.0.2\dependencies-accessors)" [_thread_blocked, id=20024, stack(0x000000a621300000,0x000000a621400000)]
  0x000002056a977800 JavaThread "jar transforms Thread 3" [_thread_blocked, id=2660, stack(0x000000a621400000,0x000000a621500000)]
  0x000002056a971800 JavaThread "Cache worker for Build Output Cleanup Cache (D:\KuLeumBridgeProject\KuleumBridge\.gradle\buildOutputCleanup)" [_thread_blocked, id=16912, stack(0x000000a621500000,0x000000a621600000)]
  0x000002056a978000 JavaThread "Build operations" [_thread_blocked, id=20240, stack(0x000000a621600000,0x000000a621700000)]
  0x000002056a979000 JavaThread "Build operations Thread 2" [_thread_blocked, id=13964, stack(0x000000a621700000,0x000000a621800000)]
  0x000002056a979800 JavaThread "Build operations Thread 3" [_thread_blocked, id=9988, stack(0x000000a621800000,0x000000a621900000)]
  0x000002056a97a800 JavaThread "Build operations Thread 4" [_thread_blocked, id=18888, stack(0x000000a621900000,0x000000a621a00000)]
  0x000002056a97b800 JavaThread "Build operations Thread 5" [_thread_blocked, id=21076, stack(0x000000a621a00000,0x000000a621b00000)]
  0x000002056a97c000 JavaThread "Build operations Thread 6" [_thread_blocked, id=20688, stack(0x000000a621b00000,0x000000a621c00000)]
  0x000002056a97d000 JavaThread "Build operations Thread 7" [_thread_blocked, id=7972, stack(0x000000a621c00000,0x000000a621d00000)]
  0x00000205685ed000 JavaThread "Build operations Thread 8" [_thread_blocked, id=5660, stack(0x000000a621d00000,0x000000a621e00000)]
  0x00000205685ef800 JavaThread "Build operations Thread 9" [_thread_blocked, id=21012, stack(0x000000a621e00000,0x000000a621f00000)]
  0x00000205685f2000 JavaThread "Build operations Thread 10" [_thread_blocked, id=20124, stack(0x000000a621f00000,0x000000a622000000)]
  0x00000205685f1000 JavaThread "Build operations Thread 11" [_thread_blocked, id=10508, stack(0x000000a622000000,0x000000a622100000)]
  0x00000205685f3800 JavaThread "Build operations Thread 12" [_thread_blocked, id=15540, stack(0x000000a622100000,0x000000a622200000)]
  0x00000205685f0800 JavaThread "jar transforms Thread 4" [_thread_blocked, id=1736, stack(0x000000a622200000,0x000000a622300000)]
  0x00000205685ee000 JavaThread "jar transforms Thread 5" [_thread_blocked, id=21328, stack(0x000000a622300000,0x000000a622400000)]
  0x00000205685f3000 JavaThread "jar transforms Thread 6" [_thread_blocked, id=9944, stack(0x000000a622400000,0x000000a622500000)]
  0x00000205685f4800 JavaThread "jar transforms Thread 7" [_thread_blocked, id=13844, stack(0x000000a622500000,0x000000a622600000)]
  0x00000205685ef000 JavaThread "jar transforms Thread 8" [_thread_blocked, id=17948, stack(0x000000a622600000,0x000000a622700000)]
  0x00000205685f9800 JavaThread "jar transforms Thread 9" [_thread_blocked, id=13436, stack(0x000000a622700000,0x000000a622800000)]
  0x00000205685fb000 JavaThread "jar transforms Thread 10" [_thread_blocked, id=17464, stack(0x000000a622800000,0x000000a622900000)]
  0x00000205685fa000 JavaThread "jar transforms Thread 11" [_thread_blocked, id=17432, stack(0x000000a622900000,0x000000a622a00000)]
  0x00000205685f7800 JavaThread "jar transforms Thread 12" [_thread_blocked, id=2740, stack(0x000000a622a00000,0x000000a622b00000)]
  0x00000205685f8800 JavaThread "Memory manager" [_thread_blocked, id=2080, stack(0x000000a620d00000,0x000000a620e00000)]
  0x00000205685f6000 JavaThread "build event listener" [_thread_blocked, id=4672, stack(0x000000a622b00000,0x000000a622c00000)]
  0x00000205685fc000 JavaThread "pool-3-thread-1" [_thread_blocked, id=20680, stack(0x000000a622c00000,0x000000a622d00000)]
  0x00000205685f7000 JavaThread "build event listener" [_thread_blocked, id=16304, stack(0x000000a622d00000,0x000000a622e00000)]
  0x000002056c783000 JavaThread "Execution worker for ':'" [_thread_blocked, id=20780, stack(0x000000a622e00000,0x000000a622f00000)]
  0x000002056c784000 JavaThread "Execution worker for ':' Thread 2" [_thread_blocked, id=6868, stack(0x000000a622f00000,0x000000a623000000)]
  0x000002056c780000 JavaThread "Execution worker for ':' Thread 3" [_thread_blocked, id=13940, stack(0x000000a623000000,0x000000a623100000)]
  0x000002056c785800 JavaThread "Execution worker for ':' Thread 4" [_thread_blocked, id=19228, stack(0x000000a623100000,0x000000a623200000)]
  0x000002056c785000 JavaThread "Execution worker for ':' Thread 5" [_thread_blocked, id=6216, stack(0x000000a623200000,0x000000a623300000)]
  0x000002056c786800 JavaThread "Execution worker for ':' Thread 6" [_thread_blocked, id=5668, stack(0x000000a623300000,0x000000a623400000)]
  0x000002056c780800 JavaThread "Execution worker for ':' Thread 7" [_thread_blocked, id=9088, stack(0x000000a623400000,0x000000a623500000)]
  0x000002056c781800 JavaThread "Execution worker for ':' Thread 8" [_thread_blocked, id=10560, stack(0x000000a623500000,0x000000a623600000)]
  0x000002056c782800 JavaThread "Execution worker for ':' Thread 9" [_thread_blocked, id=15656, stack(0x000000a623600000,0x000000a623700000)]
  0x0000020565516800 JavaThread "Execution worker for ':' Thread 10" [_thread_blocked, id=5348, stack(0x000000a623700000,0x000000a623800000)]
  0x0000020565516000 JavaThread "Execution worker for ':' Thread 11" [_thread_blocked, id=9108, stack(0x000000a623800000,0x000000a623900000)]
  0x0000020565519000 JavaThread "Cache worker for execution history cache (D:\KuLeumBridgeProject\KuleumBridge\.gradle\7.0.2\executionHistory)" [_thread_blocked, id=19624, stack(0x000000a623900000,0x000000a623a00000)]
  0x000002056551d800 JavaThread "WorkerExecutor Queue" [_thread_blocked, id=17768, stack(0x000000a620700000,0x000000a620800000)]

Other Threads:
=>0x0000020564e13800 VMThread "VM Thread" [stack: 0x000000a61e400000,0x000000a61e500000] [id=16908] _threads_hazard_ptr=0x0000020566f208e0
  0x000002056502c800 WatcherThread [stack: 0x000000a61ee00000,0x000000a61ef00000] [id=17700]
  0x0000020549d18800 GCTaskThread "GC Thread#0" [stack: 0x000000a61df00000,0x000000a61e000000] [id=14976]
  0x0000020565599000 GCTaskThread "GC Thread#1" [stack: 0x000000a61f100000,0x000000a61f200000] [id=13780]
  0x0000020565a6e800 GCTaskThread "GC Thread#2" [stack: 0x000000a61f200000,0x000000a61f300000] [id=16524]
  0x0000020565420800 GCTaskThread "GC Thread#3" [stack: 0x000000a61f300000,0x000000a61f400000] [id=5308]
  0x0000020565875000 GCTaskThread "GC Thread#4" [stack: 0x000000a61f400000,0x000000a61f500000] [id=4372]
  0x0000020565306000 GCTaskThread "GC Thread#5" [stack: 0x000000a61f500000,0x000000a61f600000] [id=16116]
  0x00000205667d3800 GCTaskThread "GC Thread#6" [stack: 0x000000a620000000,0x000000a620100000] [id=2236]
  0x0000020567bd2800 GCTaskThread "GC Thread#7" [stack: 0x000000a620100000,0x000000a620200000] [id=1132]
  0x0000020567126000 GCTaskThread "GC Thread#8" [stack: 0x000000a620200000,0x000000a620300000] [id=21380]
  0x0000020567a72000 GCTaskThread "GC Thread#9" [stack: 0x000000a620300000,0x000000a620400000] [id=7108]
  0x0000020549d48000 ConcurrentGCThread "G1 Main Marker" [stack: 0x000000a61e000000,0x000000a61e100000] [id=14432]
  0x0000020549d49800 ConcurrentGCThread "G1 Conc#0" [stack: 0x000000a61e100000,0x000000a61e200000] [id=15516]
  0x00000205663df000 ConcurrentGCThread "G1 Conc#1" [stack: 0x000000a620400000,0x000000a620500000] [id=21308]
  0x00000205665e8800 ConcurrentGCThread "G1 Conc#2" [stack: 0x000000a620500000,0x000000a620600000] [id=7412]
  0x0000020549dde800 ConcurrentGCThread "G1 Refine#0" [stack: 0x000000a61e200000,0x000000a61e300000] [id=12792]
  0x0000020564464800 ConcurrentGCThread "G1 Young RemSet Sampling" [stack: 0x000000a61e300000,0x000000a61e400000] [id=4328]

Threads with active compile tasks:
C2 CompilerThread0  27860 9260       4       org.gradle.internal.snapshot.ChildMap$Entry::handleAncestorDescendantOrExactMatch (110 bytes)

VM state:at safepoint (normal execution)

VM Mutex/Monitor currently owned by a thread:  ([mutex/lock_event])
[0x0000020549cf9ec0] Threads_lock - owner thread: 0x0000020564e13800

Heap address: 0x0000000080000000, size: 2048 MB, Compressed Oops mode: 32-bit
Narrow klass base: 0x0000000000000000, Narrow klass shift: 3
Compressed class space size: 1073741824 Address: 0x0000000100000000

Heap:
 garbage-first heap   total 262144K, used 137680K [0x0000000080000000, 0x0000000100000000)
  region size 1024K, 67 young (68608K), 12 survivors (12288K)
 Metaspace       used 83913K, capacity 86129K, committed 86220K, reserved 1124352K
  class space    used 10826K, capacity 11658K, committed 11724K, reserved 1048576K
Heap Regions: E=young(eden), S=young(survivor), O=old, HS=humongous(starts), HC=humongous(continues), CS=collection set, F=free, A=archive, TAMS=top-at-mark-start (previous, next)
|   0|0x0000000080000000, 0x0000000080100000, 0x0000000080100000|100%| O|  |TAMS 0x0000000080100000, 0x0000000080000000| Untracked 
|   1|0x0000000080100000, 0x0000000080200000, 0x0000000080200000|100%| O|  |TAMS 0x0000000080200000, 0x0000000080100000| Untracked 
|   2|0x0000000080200000, 0x0000000080300000, 0x0000000080300000|100%| O|  |TAMS 0x0000000080300000, 0x0000000080200000| Untracked 
|   3|0x0000000080300000, 0x0000000080400000, 0x0000000080400000|100%|HS|  |TAMS 0x0000000080400000, 0x0000000080300000| Complete 
|   4|0x0000000080400000, 0x0000000080500000, 0x0000000080500000|100%|HC|  |TAMS 0x0000000080500000, 0x0000000080400000| Complete 
|   5|0x0000000080500000, 0x0000000080600000, 0x0000000080600000|100%|HC|  |TAMS 0x0000000080600000, 0x0000000080500000| Complete 
|   6|0x0000000080600000, 0x0000000080700000, 0x0000000080700000|100%| O|  |TAMS 0x0000000080700000, 0x0000000080600000| Untracked 
|   7|0x0000000080700000, 0x0000000080800000, 0x0000000080800000|100%| O|  |TAMS 0x0000000080800000, 0x0000000080700000| Untracked 
|   8|0x0000000080800000, 0x0000000080900000, 0x0000000080900000|100%| O|  |TAMS 0x0000000080900000, 0x0000000080800000| Untracked 
|   9|0x0000000080900000, 0x0000000080a00000, 0x0000000080a00000|100%| O|  |TAMS 0x0000000080a00000, 0x0000000080900000| Untracked 
|  10|0x0000000080a00000, 0x0000000080b00000, 0x0000000080b00000|100%| O|  |TAMS 0x0000000080b00000, 0x0000000080a00000| Untracked 
|  11|0x0000000080b00000, 0x0000000080c00000, 0x0000000080c00000|100%| O|  |TAMS 0x0000000080c00000, 0x0000000080b00000| Untracked 
|  12|0x0000000080c00000, 0x0000000080d00000, 0x0000000080d00000|100%| O|  |TAMS 0x0000000080d00000, 0x0000000080c00000| Untracked 
|  13|0x0000000080d00000, 0x0000000080e00000, 0x0000000080e00000|100%| O|  |TAMS 0x0000000080e00000, 0x0000000080d00000| Untracked 
|  14|0x0000000080e00000, 0x0000000080f00000, 0x0000000080f00000|100%| O|  |TAMS 0x0000000080f00000, 0x0000000080e00000| Untracked 
|  15|0x0000000080f00000, 0x0000000081000000, 0x0000000081000000|100%| O|  |TAMS 0x0000000081000000, 0x0000000080f00000| Untracked 
|  16|0x0000000081000000, 0x0000000081100000, 0x0000000081100000|100%| O|  |TAMS 0x0000000081100000, 0x0000000081000000| Untracked 
|  17|0x0000000081100000, 0x0000000081200000, 0x0000000081200000|100%|HS|  |TAMS 0x0000000081200000, 0x0000000081100000| Complete 
|  18|0x0000000081200000, 0x0000000081300000, 0x0000000081300000|100%|HS|  |TAMS 0x0000000081300000, 0x0000000081200000| Complete 
|  19|0x0000000081300000, 0x0000000081400000, 0x0000000081400000|100%|HS|  |TAMS 0x0000000081400000, 0x0000000081300000| Complete 
|  20|0x0000000081400000, 0x0000000081500000, 0x0000000081500000|100%|HC|  |TAMS 0x0000000081500000, 0x0000000081400000| Complete 
|  21|0x0000000081500000, 0x0000000081600000, 0x0000000081600000|100%| O|  |TAMS 0x0000000081600000, 0x0000000081500000| Untracked 
|  22|0x0000000081600000, 0x0000000081700000, 0x0000000081700000|100%| O|  |TAMS 0x0000000081700000, 0x0000000081600000| Untracked 
|  23|0x0000000081700000, 0x0000000081800000, 0x0000000081800000|100%| O|  |TAMS 0x0000000081800000, 0x0000000081700000| Untracked 
|  24|0x0000000081800000, 0x0000000081900000, 0x0000000081900000|100%| O|  |TAMS 0x0000000081900000, 0x0000000081800000| Untracked 
|  25|0x0000000081900000, 0x0000000081a00000, 0x0000000081a00000|100%| O|  |TAMS 0x0000000081916200, 0x0000000081900000| Untracked 
|  26|0x0000000081a00000, 0x0000000081b00000, 0x0000000081b00000|100%| O|  |TAMS 0x0000000081a00000, 0x0000000081a00000| Untracked 
|  27|0x0000000081b00000, 0x0000000081c00000, 0x0000000081c00000|100%| O|  |TAMS 0x0000000081b00000, 0x0000000081b00000| Untracked 
|  28|0x0000000081c00000, 0x0000000081d00000, 0x0000000081d00000|100%| O|  |TAMS 0x0000000081c00000, 0x0000000081c00000| Untracked 
|  29|0x0000000081d00000, 0x0000000081e00000, 0x0000000081e00000|100%| O|  |TAMS 0x0000000081d00000, 0x0000000081d00000| Untracked 
|  30|0x0000000081e00000, 0x0000000081f00000, 0x0000000081f00000|100%| O|  |TAMS 0x0000000081e00000, 0x0000000081e00000| Untracked 
|  31|0x0000000081f00000, 0x0000000082000000, 0x0000000082000000|100%| O|  |TAMS 0x0000000081f00000, 0x0000000081f00000| Untracked 
|  32|0x0000000082000000, 0x0000000082100000, 0x0000000082100000|100%| O|  |TAMS 0x0000000082000000, 0x0000000082000000| Untracked 
|  33|0x0000000082100000, 0x0000000082200000, 0x0000000082200000|100%| O|  |TAMS 0x0000000082100000, 0x0000000082100000| Untracked 
|  34|0x0000000082200000, 0x0000000082300000, 0x0000000082300000|100%| O|  |TAMS 0x0000000082200000, 0x0000000082200000| Untracked 
|  35|0x0000000082300000, 0x0000000082400000, 0x0000000082400000|100%| O|  |TAMS 0x0000000082300000, 0x0000000082300000| Untracked 
|  36|0x0000000082400000, 0x0000000082500000, 0x0000000082500000|100%| O|  |TAMS 0x0000000082400000, 0x0000000082400000| Untracked 
|  37|0x0000000082500000, 0x0000000082600000, 0x0000000082600000|100%| O|  |TAMS 0x0000000082500000, 0x0000000082500000| Untracked 
|  38|0x0000000082600000, 0x0000000082700000, 0x0000000082700000|100%| O|  |TAMS 0x0000000082600000, 0x0000000082600000| Untracked 
|  39|0x0000000082700000, 0x0000000082800000, 0x0000000082800000|100%| O|  |TAMS 0x0000000082700000, 0x0000000082700000| Untracked 
|  40|0x0000000082800000, 0x0000000082900000, 0x0000000082900000|100%| O|  |TAMS 0x0000000082800000, 0x0000000082800000| Untracked 
|  41|0x0000000082900000, 0x0000000082a00000, 0x0000000082a00000|100%| O|  |TAMS 0x0000000082900000, 0x0000000082900000| Untracked 
|  42|0x0000000082a00000, 0x0000000082b00000, 0x0000000082b00000|100%| O|  |TAMS 0x0000000082a00000, 0x0000000082a00000| Untracked 
|  43|0x0000000082b00000, 0x0000000082c00000, 0x0000000082c00000|100%| O|  |TAMS 0x0000000082b00000, 0x0000000082b00000| Untracked 
|  44|0x0000000082c00000, 0x0000000082d00000, 0x0000000082d00000|100%| O|  |TAMS 0x0000000082c00000, 0x0000000082c00000| Untracked 
|  45|0x0000000082d00000, 0x0000000082e00000, 0x0000000082e00000|100%| O|  |TAMS 0x0000000082d00000, 0x0000000082d00000| Untracked 
|  46|0x0000000082e00000, 0x0000000082f00000, 0x0000000082f00000|100%| O|  |TAMS 0x0000000082e00000, 0x0000000082e00000| Untracked 
|  47|0x0000000082f00000, 0x0000000083000000, 0x0000000083000000|100%| O|  |TAMS 0x0000000082f00000, 0x0000000082f00000| Untracked 
|  48|0x0000000083000000, 0x0000000083100000, 0x0000000083100000|100%| O|  |TAMS 0x0000000083000000, 0x0000000083000000| Untracked 
|  49|0x0000000083100000, 0x0000000083200000, 0x0000000083200000|100%| O|  |TAMS 0x0000000083100000, 0x0000000083100000| Untracked 
|  50|0x0000000083200000, 0x0000000083300000, 0x0000000083300000|100%| O|  |TAMS 0x0000000083200000, 0x0000000083200000| Untracked 
|  51|0x0000000083300000, 0x0000000083400000, 0x0000000083400000|100%| O|  |TAMS 0x0000000083300000, 0x0000000083300000| Untracked 
|  52|0x0000000083400000, 0x0000000083500000, 0x0000000083500000|100%| O|  |TAMS 0x0000000083400000, 0x0000000083400000| Untracked 
|  53|0x0000000083500000, 0x000000008353d400, 0x0000000083600000| 23%| O|  |TAMS 0x0000000083500000, 0x0000000083500000| Untracked 
|  54|0x0000000083600000, 0x0000000083700000, 0x0000000083700000|100%|HS|  |TAMS 0x0000000083600000, 0x0000000083600000| Complete 
|  55|0x0000000083700000, 0x0000000083800000, 0x0000000083800000|100%|HC|  |TAMS 0x0000000083700000, 0x0000000083700000| Complete 
|  56|0x0000000083800000, 0x0000000083900000, 0x0000000083900000|100%|HS|  |TAMS 0x0000000083800000, 0x0000000083800000| Complete 
|  57|0x0000000083900000, 0x0000000083a00000, 0x0000000083a00000|100%|HS|  |TAMS 0x0000000083900000, 0x0000000083900000| Complete 
|  58|0x0000000083a00000, 0x0000000083b00000, 0x0000000083b00000|100%|HC|  |TAMS 0x0000000083a00000, 0x0000000083a00000| Complete 
|  59|0x0000000083b00000, 0x0000000083c00000, 0x0000000083c00000|100%|HS|  |TAMS 0x0000000083b00000, 0x0000000083b00000| Complete 
|  60|0x0000000083c00000, 0x0000000083d00000, 0x0000000083d00000|100%|HC|  |TAMS 0x0000000083c00000, 0x0000000083c00000| Complete 
|  61|0x0000000083d00000, 0x0000000083e00000, 0x0000000083e00000|100%|HC|  |TAMS 0x0000000083d00000, 0x0000000083d00000| Complete 
|  62|0x0000000083e00000, 0x0000000083f00000, 0x0000000083f00000|100%|HC|  |TAMS 0x0000000083e00000, 0x0000000083e00000| Complete 
|  63|0x0000000083f00000, 0x0000000084000000, 0x0000000084000000|100%|HS|  |TAMS 0x0000000083f00000, 0x0000000083f00000| Complete 
|  64|0x0000000084000000, 0x0000000084100000, 0x0000000084100000|100%|HC|  |TAMS 0x0000000084000000, 0x0000000084000000| Complete 
|  65|0x0000000084100000, 0x0000000084200000, 0x0000000084200000|100%|HS|  |TAMS 0x0000000084100000, 0x0000000084100000| Complete 
|  66|0x0000000084200000, 0x0000000084300000, 0x0000000084300000|100%|HC|  |TAMS 0x0000000084200000, 0x0000000084200000| Complete 
|  67|0x0000000084300000, 0x0000000084400000, 0x0000000084400000|100%|HC|  |TAMS 0x0000000084300000, 0x0000000084300000| Complete 
|  68|0x0000000084400000, 0x0000000084500000, 0x0000000084500000|100%|HS|  |TAMS 0x0000000084400000, 0x0000000084400000| Complete 
|  69|0x0000000084500000, 0x0000000084600000, 0x0000000084600000|100%|HC|  |TAMS 0x0000000084500000, 0x0000000084500000| Complete 
|  70|0x0000000084600000, 0x0000000084700000, 0x0000000084700000|100%|HC|  |TAMS 0x0000000084600000, 0x0000000084600000| Complete 
|  71|0x0000000084700000, 0x0000000084700000, 0x0000000084800000|  0%| F|  |TAMS 0x0000000084700000, 0x0000000084700000| Untracked 
|  72|0x0000000084800000, 0x0000000084800000, 0x0000000084900000|  0%| F|  |TAMS 0x0000000084800000, 0x0000000084800000| Untracked 
|  73|0x0000000084900000, 0x0000000084900000, 0x0000000084a00000|  0%| F|  |TAMS 0x0000000084900000, 0x0000000084900000| Untracked 
|  74|0x0000000084a00000, 0x0000000084a00000, 0x0000000084b00000|  0%| F|  |TAMS 0x0000000084a00000, 0x0000000084a00000| Untracked 
|  75|0x0000000084b00000, 0x0000000084b00000, 0x0000000084c00000|  0%| F|  |TAMS 0x0000000084b00000, 0x0000000084b00000| Untracked 
|  76|0x0000000084c00000, 0x0000000084c00000, 0x0000000084d00000|  0%| F|  |TAMS 0x0000000084c00000, 0x0000000084c00000| Untracked 
|  77|0x0000000084d00000, 0x0000000084d00000, 0x0000000084e00000|  0%| F|  |TAMS 0x0000000084d00000, 0x0000000084d00000| Untracked 
|  78|0x0000000084e00000, 0x0000000084e00000, 0x0000000084f00000|  0%| F|  |TAMS 0x0000000084e00000, 0x0000000084e00000| Untracked 
|  79|0x0000000084f00000, 0x0000000084f00000, 0x0000000085000000|  0%| F|  |TAMS 0x0000000084f00000, 0x0000000084f00000| Untracked 
|  80|0x0000000085000000, 0x0000000085000000, 0x0000000085100000|  0%| F|  |TAMS 0x0000000085000000, 0x0000000085000000| Untracked 
|  81|0x0000000085100000, 0x0000000085100000, 0x0000000085200000|  0%| F|  |TAMS 0x0000000085100000, 0x0000000085100000| Untracked 
|  82|0x0000000085200000, 0x0000000085200000, 0x0000000085300000|  0%| F|  |TAMS 0x0000000085200000, 0x0000000085200000| Untracked 
|  83|0x0000000085300000, 0x0000000085300000, 0x0000000085400000|  0%| F|  |TAMS 0x0000000085300000, 0x0000000085300000| Untracked 
|  84|0x0000000085400000, 0x0000000085400000, 0x0000000085500000|  0%| F|  |TAMS 0x0000000085400000, 0x0000000085400000| Untracked 
|  85|0x0000000085500000, 0x0000000085500000, 0x0000000085600000|  0%| F|  |TAMS 0x0000000085500000, 0x0000000085500000| Untracked 
|  86|0x0000000085600000, 0x0000000085600000, 0x0000000085700000|  0%| F|  |TAMS 0x0000000085600000, 0x0000000085600000| Untracked 
|  87|0x0000000085700000, 0x0000000085700000, 0x0000000085800000|  0%| F|  |TAMS 0x0000000085700000, 0x0000000085700000| Untracked 
|  88|0x0000000085800000, 0x0000000085800000, 0x0000000085900000|  0%| F|  |TAMS 0x0000000085800000, 0x0000000085800000| Untracked 
|  89|0x0000000085900000, 0x0000000085900000, 0x0000000085a00000|  0%| F|  |TAMS 0x0000000085900000, 0x0000000085900000| Untracked 
|  90|0x0000000085a00000, 0x0000000085a00000, 0x0000000085b00000|  0%| F|  |TAMS 0x0000000085a00000, 0x0000000085a00000| Untracked 
|  91|0x0000000085b00000, 0x0000000085b00000, 0x0000000085c00000|  0%| F|  |TAMS 0x0000000085b00000, 0x0000000085b00000| Untracked 
|  92|0x0000000085c00000, 0x0000000085c00000, 0x0000000085d00000|  0%| F|  |TAMS 0x0000000085c00000, 0x0000000085c00000| Untracked 
|  93|0x0000000085d00000, 0x0000000085d00000, 0x0000000085e00000|  0%| F|  |TAMS 0x0000000085d00000, 0x0000000085d00000| Untracked 
|  94|0x0000000085e00000, 0x0000000085e00000, 0x0000000085f00000|  0%| F|  |TAMS 0x0000000085e00000, 0x0000000085e00000| Untracked 
|  95|0x0000000085f00000, 0x0000000085f00000, 0x0000000086000000|  0%| F|  |TAMS 0x0000000085f00000, 0x0000000085f00000| Untracked 
|  96|0x0000000086000000, 0x0000000086000000, 0x0000000086100000|  0%| F|  |TAMS 0x0000000086000000, 0x0000000086000000| Untracked 
|  97|0x0000000086100000, 0x0000000086100000, 0x0000000086200000|  0%| F|  |TAMS 0x0000000086100000, 0x0000000086100000| Untracked 
|  98|0x0000000086200000, 0x0000000086200000, 0x0000000086300000|  0%| F|  |TAMS 0x0000000086200000, 0x0000000086200000| Untracked 
|  99|0x0000000086300000, 0x0000000086300000, 0x0000000086400000|  0%| F|  |TAMS 0x0000000086300000, 0x0000000086300000| Untracked 
| 100|0x0000000086400000, 0x0000000086436cb8, 0x0000000086500000| 21%| S|CS|TAMS 0x0000000086400000, 0x0000000086400000| Complete 
| 101|0x0000000086500000, 0x0000000086600000, 0x0000000086600000|100%| S|CS|TAMS 0x0000000086500000, 0x0000000086500000| Complete 
| 102|0x0000000086600000, 0x0000000086700000, 0x0000000086700000|100%| S|CS|TAMS 0x0000000086600000, 0x0000000086600000| Complete 
| 103|0x0000000086700000, 0x0000000086800000, 0x0000000086800000|100%| S|CS|TAMS 0x0000000086700000, 0x0000000086700000| Complete 
| 104|0x0000000086800000, 0x0000000086900000, 0x0000000086900000|100%| S|CS|TAMS 0x0000000086800000, 0x0000000086800000| Complete 
| 105|0x0000000086900000, 0x0000000086a00000, 0x0000000086a00000|100%| S|CS|TAMS 0x0000000086900000, 0x0000000086900000| Complete 
| 106|0x0000000086a00000, 0x0000000086b00000, 0x0000000086b00000|100%| S|CS|TAMS 0x0000000086a00000, 0x0000000086a00000| Complete 
| 107|0x0000000086b00000, 0x0000000086c00000, 0x0000000086c00000|100%| S|CS|TAMS 0x0000000086b00000, 0x0000000086b00000| Complete 
| 108|0x0000000086c00000, 0x0000000086d00000, 0x0000000086d00000|100%| S|CS|TAMS 0x0000000086c00000, 0x0000000086c00000| Complete 
| 109|0x0000000086d00000, 0x0000000086e00000, 0x0000000086e00000|100%| S|CS|TAMS 0x0000000086d00000, 0x0000000086d00000| Complete 
| 110|0x0000000086e00000, 0x0000000086f00000, 0x0000000086f00000|100%| S|CS|TAMS 0x0000000086e00000, 0x0000000086e00000| Complete 
| 111|0x0000000086f00000, 0x0000000087000000, 0x0000000087000000|100%| S|CS|TAMS 0x0000000086f00000, 0x0000000086f00000| Complete 
| 112|0x0000000087000000, 0x0000000087000000, 0x0000000087100000|  0%| F|  |TAMS 0x0000000087000000, 0x0000000087000000| Untracked 
| 113|0x0000000087100000, 0x0000000087100000, 0x0000000087200000|  0%| F|  |TAMS 0x0000000087100000, 0x0000000087100000| Untracked 
| 114|0x0000000087200000, 0x0000000087200000, 0x0000000087300000|  0%| F|  |TAMS 0x0000000087200000, 0x0000000087200000| Untracked 
| 115|0x0000000087300000, 0x0000000087300000, 0x0000000087400000|  0%| F|  |TAMS 0x0000000087300000, 0x0000000087300000| Untracked 
| 116|0x0000000087400000, 0x0000000087400000, 0x0000000087500000|  0%| F|  |TAMS 0x0000000087400000, 0x0000000087400000| Untracked 
| 117|0x0000000087500000, 0x0000000087500000, 0x0000000087600000|  0%| F|  |TAMS 0x0000000087500000, 0x0000000087500000| Untracked 
| 118|0x0000000087600000, 0x0000000087600000, 0x0000000087700000|  0%| F|  |TAMS 0x0000000087600000, 0x0000000087600000| Untracked 
| 119|0x0000000087700000, 0x0000000087700000, 0x0000000087800000|  0%| F|  |TAMS 0x0000000087700000, 0x0000000087700000| Untracked 
| 120|0x0000000087800000, 0x0000000087800000, 0x0000000087900000|  0%| F|  |TAMS 0x0000000087800000, 0x0000000087800000| Untracked 
| 121|0x0000000087900000, 0x0000000087900000, 0x0000000087a00000|  0%| F|  |TAMS 0x0000000087900000, 0x0000000087900000| Untracked 
| 122|0x0000000087a00000, 0x0000000087a00000, 0x0000000087b00000|  0%| F|  |TAMS 0x0000000087a00000, 0x0000000087a00000| Untracked 
| 123|0x0000000087b00000, 0x0000000087b00000, 0x0000000087c00000|  0%| F|  |TAMS 0x0000000087b00000, 0x0000000087b00000| Untracked 
| 124|0x0000000087c00000, 0x0000000087c00000, 0x0000000087d00000|  0%| F|  |TAMS 0x0000000087c00000, 0x0000000087c00000| Untracked 
| 125|0x0000000087d00000, 0x0000000087d00000, 0x0000000087e00000|  0%| F|  |TAMS 0x0000000087d00000, 0x0000000087d00000| Untracked 
| 126|0x0000000087e00000, 0x0000000087e00000, 0x0000000087f00000|  0%| F|  |TAMS 0x0000000087e00000, 0x0000000087e00000| Untracked 
| 127|0x0000000087f00000, 0x0000000087f00000, 0x0000000088000000|  0%| F|  |TAMS 0x0000000087f00000, 0x0000000087f00000| Untracked 
| 128|0x0000000088000000, 0x0000000088000000, 0x0000000088100000|  0%| F|  |TAMS 0x0000000088000000, 0x0000000088000000| Untracked 
| 129|0x0000000088100000, 0x0000000088100000, 0x0000000088200000|  0%| F|  |TAMS 0x0000000088100000, 0x0000000088100000| Untracked 
| 130|0x0000000088200000, 0x0000000088200000, 0x0000000088300000|  0%| F|  |TAMS 0x0000000088200000, 0x0000000088200000| Untracked 
| 131|0x0000000088300000, 0x0000000088300000, 0x0000000088400000|  0%| F|  |TAMS 0x0000000088300000, 0x0000000088300000| Untracked 
| 132|0x0000000088400000, 0x0000000088400000, 0x0000000088500000|  0%| F|  |TAMS 0x0000000088400000, 0x0000000088400000| Untracked 
| 133|0x0000000088500000, 0x0000000088500000, 0x0000000088600000|  0%| F|  |TAMS 0x0000000088500000, 0x0000000088500000| Untracked 
| 134|0x0000000088600000, 0x0000000088600000, 0x0000000088700000|  0%| F|  |TAMS 0x0000000088600000, 0x0000000088600000| Untracked 
| 135|0x0000000088700000, 0x0000000088700000, 0x0000000088800000|  0%| F|  |TAMS 0x0000000088700000, 0x0000000088700000| Untracked 
| 136|0x0000000088800000, 0x0000000088800000, 0x0000000088900000|  0%| F|  |TAMS 0x0000000088800000, 0x0000000088800000| Untracked 
| 137|0x0000000088900000, 0x0000000088900000, 0x0000000088a00000|  0%| F|  |TAMS 0x0000000088900000, 0x0000000088900000| Untracked 
| 138|0x0000000088a00000, 0x0000000088a00000, 0x0000000088b00000|  0%| F|  |TAMS 0x0000000088a00000, 0x0000000088a00000| Untracked 
| 139|0x0000000088b00000, 0x0000000088b00000, 0x0000000088c00000|  0%| F|  |TAMS 0x0000000088b00000, 0x0000000088b00000| Untracked 
| 140|0x0000000088c00000, 0x0000000088c00000, 0x0000000088d00000|  0%| F|  |TAMS 0x0000000088c00000, 0x0000000088c00000| Untracked 
| 141|0x0000000088d00000, 0x0000000088d00000, 0x0000000088e00000|  0%| F|  |TAMS 0x0000000088d00000, 0x0000000088d00000| Untracked 
| 142|0x0000000088e00000, 0x0000000088e00000, 0x0000000088f00000|  0%| F|  |TAMS 0x0000000088e00000, 0x0000000088e00000| Untracked 
| 143|0x0000000088f00000, 0x0000000088f00000, 0x0000000089000000|  0%| F|  |TAMS 0x0000000088f00000, 0x0000000088f00000| Untracked 
| 144|0x0000000089000000, 0x0000000089000000, 0x0000000089100000|  0%| F|  |TAMS 0x0000000089000000, 0x0000000089000000| Untracked 
| 145|0x0000000089100000, 0x0000000089100000, 0x0000000089200000|  0%| F|  |TAMS 0x0000000089100000, 0x0000000089100000| Untracked 
| 146|0x0000000089200000, 0x0000000089200000, 0x0000000089300000|  0%| F|  |TAMS 0x0000000089200000, 0x0000000089200000| Untracked 
| 147|0x0000000089300000, 0x0000000089300000, 0x0000000089400000|  0%| F|  |TAMS 0x0000000089300000, 0x0000000089300000| Untracked 
| 148|0x0000000089400000, 0x0000000089400000, 0x0000000089500000|  0%| F|  |TAMS 0x0000000089400000, 0x0000000089400000| Untracked 
| 149|0x0000000089500000, 0x0000000089500000, 0x0000000089600000|  0%| F|  |TAMS 0x0000000089500000, 0x0000000089500000| Untracked 
| 150|0x0000000089600000, 0x0000000089600000, 0x0000000089700000|  0%| F|  |TAMS 0x0000000089600000, 0x0000000089600000| Untracked 
| 151|0x0000000089700000, 0x0000000089700000, 0x0000000089800000|  0%| F|  |TAMS 0x0000000089700000, 0x0000000089700000| Untracked 
| 152|0x0000000089800000, 0x0000000089800000, 0x0000000089900000|  0%| F|  |TAMS 0x0000000089800000, 0x0000000089800000| Untracked 
| 153|0x0000000089900000, 0x0000000089900000, 0x0000000089a00000|  0%| F|  |TAMS 0x0000000089900000, 0x0000000089900000| Untracked 
| 154|0x0000000089a00000, 0x0000000089a00000, 0x0000000089b00000|  0%| F|  |TAMS 0x0000000089a00000, 0x0000000089a00000| Untracked 
| 155|0x0000000089b00000, 0x0000000089b00000, 0x0000000089c00000|  0%| F|  |TAMS 0x0000000089b00000, 0x0000000089b00000| Untracked 
| 156|0x0000000089c00000, 0x0000000089c00000, 0x0000000089d00000|  0%| F|  |TAMS 0x0000000089c00000, 0x0000000089c00000| Untracked 
| 157|0x0000000089d00000, 0x0000000089d00000, 0x0000000089e00000|  0%| F|  |TAMS 0x0000000089d00000, 0x0000000089d00000| Untracked 
| 158|0x0000000089e00000, 0x0000000089e00000, 0x0000000089f00000|  0%| F|  |TAMS 0x0000000089e00000, 0x0000000089e00000| Untracked 
| 159|0x0000000089f00000, 0x0000000089f00000, 0x000000008a000000|  0%| F|  |TAMS 0x0000000089f00000, 0x0000000089f00000| Untracked 
| 160|0x000000008a000000, 0x000000008a000000, 0x000000008a100000|  0%| F|  |TAMS 0x000000008a000000, 0x000000008a000000| Untracked 
| 161|0x000000008a100000, 0x000000008a100000, 0x000000008a200000|  0%| F|  |TAMS 0x000000008a100000, 0x000000008a100000| Untracked 
| 162|0x000000008a200000, 0x000000008a200000, 0x000000008a300000|  0%| F|  |TAMS 0x000000008a200000, 0x000000008a200000| Untracked 
| 163|0x000000008a300000, 0x000000008a300000, 0x000000008a400000|  0%| F|  |TAMS 0x000000008a300000, 0x000000008a300000| Untracked 
| 164|0x000000008a400000, 0x000000008a400000, 0x000000008a500000|  0%| F|  |TAMS 0x000000008a400000, 0x000000008a400000| Untracked 
| 165|0x000000008a500000, 0x000000008a500000, 0x000000008a600000|  0%| F|  |TAMS 0x000000008a500000, 0x000000008a500000| Untracked 
| 166|0x000000008a600000, 0x000000008a600000, 0x000000008a700000|  0%| F|  |TAMS 0x000000008a600000, 0x000000008a600000| Untracked 
| 167|0x000000008a700000, 0x000000008a700000, 0x000000008a800000|  0%| F|  |TAMS 0x000000008a700000, 0x000000008a700000| Untracked 
| 168|0x000000008a800000, 0x000000008a800000, 0x000000008a900000|  0%| F|  |TAMS 0x000000008a800000, 0x000000008a800000| Untracked 
| 169|0x000000008a900000, 0x000000008a900000, 0x000000008aa00000|  0%| F|  |TAMS 0x000000008a900000, 0x000000008a900000| Untracked 
| 170|0x000000008aa00000, 0x000000008aa00000, 0x000000008ab00000|  0%| F|  |TAMS 0x000000008aa00000, 0x000000008aa00000| Untracked 
| 171|0x000000008ab00000, 0x000000008ab00000, 0x000000008ac00000|  0%| F|  |TAMS 0x000000008ab00000, 0x000000008ab00000| Untracked 
| 172|0x000000008ac00000, 0x000000008ac00000, 0x000000008ad00000|  0%| F|  |TAMS 0x000000008ac00000, 0x000000008ac00000| Untracked 
| 173|0x000000008ad00000, 0x000000008ad00000, 0x000000008ae00000|  0%| F|  |TAMS 0x000000008ad00000, 0x000000008ad00000| Untracked 
| 174|0x000000008ae00000, 0x000000008ae00000, 0x000000008af00000|  0%| F|  |TAMS 0x000000008ae00000, 0x000000008ae00000| Untracked 
| 175|0x000000008af00000, 0x000000008af00000, 0x000000008b000000|  0%| F|  |TAMS 0x000000008af00000, 0x000000008af00000| Untracked 
| 176|0x000000008b000000, 0x000000008b000000, 0x000000008b100000|  0%| F|  |TAMS 0x000000008b000000, 0x000000008b000000| Untracked 
| 177|0x000000008b100000, 0x000000008b100000, 0x000000008b200000|  0%| F|  |TAMS 0x000000008b100000, 0x000000008b100000| Untracked 
| 178|0x000000008b200000, 0x000000008b200000, 0x000000008b300000|  0%| F|  |TAMS 0x000000008b200000, 0x000000008b200000| Untracked 
| 179|0x000000008b300000, 0x000000008b300000, 0x000000008b400000|  0%| F|  |TAMS 0x000000008b300000, 0x000000008b300000| Untracked 
| 180|0x000000008b400000, 0x000000008b400000, 0x000000008b500000|  0%| F|  |TAMS 0x000000008b400000, 0x000000008b400000| Untracked 
| 181|0x000000008b500000, 0x000000008b500000, 0x000000008b600000|  0%| F|  |TAMS 0x000000008b500000, 0x000000008b500000| Untracked 
| 182|0x000000008b600000, 0x000000008b600000, 0x000000008b700000|  0%| F|  |TAMS 0x000000008b600000, 0x000000008b600000| Untracked 
| 183|0x000000008b700000, 0x000000008b700000, 0x000000008b800000|  0%| F|  |TAMS 0x000000008b700000, 0x000000008b700000| Untracked 
| 184|0x000000008b800000, 0x000000008b800000, 0x000000008b900000|  0%| F|  |TAMS 0x000000008b800000, 0x000000008b800000| Untracked 
| 185|0x000000008b900000, 0x000000008b900000, 0x000000008ba00000|  0%| F|  |TAMS 0x000000008b900000, 0x000000008b900000| Untracked 
| 186|0x000000008ba00000, 0x000000008ba00000, 0x000000008bb00000|  0%| F|  |TAMS 0x000000008ba00000, 0x000000008ba00000| Untracked 
| 187|0x000000008bb00000, 0x000000008bb00000, 0x000000008bc00000|  0%| F|  |TAMS 0x000000008bb00000, 0x000000008bb00000| Untracked 
| 188|0x000000008bc00000, 0x000000008bc00000, 0x000000008bd00000|  0%| F|  |TAMS 0x000000008bc00000, 0x000000008bc00000| Untracked 
| 189|0x000000008bd00000, 0x000000008bd00000, 0x000000008be00000|  0%| F|  |TAMS 0x000000008bd00000, 0x000000008bd00000| Untracked 
| 190|0x000000008be00000, 0x000000008be00000, 0x000000008bf00000|  0%| F|  |TAMS 0x000000008be00000, 0x000000008be00000| Untracked 
| 191|0x000000008bf00000, 0x000000008bf00000, 0x000000008c000000|  0%| F|  |TAMS 0x000000008bf00000, 0x000000008bf00000| Untracked 
| 192|0x000000008c000000, 0x000000008c000000, 0x000000008c100000|  0%| F|  |TAMS 0x000000008c000000, 0x000000008c000000| Untracked 
| 193|0x000000008c100000, 0x000000008c100000, 0x000000008c200000|  0%| F|  |TAMS 0x000000008c100000, 0x000000008c100000| Untracked 
| 194|0x000000008c200000, 0x000000008c200000, 0x000000008c300000|  0%| F|  |TAMS 0x000000008c200000, 0x000000008c200000| Untracked 
| 195|0x000000008c300000, 0x000000008c300000, 0x000000008c400000|  0%| F|  |TAMS 0x000000008c300000, 0x000000008c300000| Untracked 
| 196|0x000000008c400000, 0x000000008c400000, 0x000000008c500000|  0%| F|  |TAMS 0x000000008c400000, 0x000000008c400000| Untracked 
| 197|0x000000008c500000, 0x000000008c500000, 0x000000008c600000|  0%| F|  |TAMS 0x000000008c500000, 0x000000008c500000| Untracked 
| 198|0x000000008c600000, 0x000000008c600000, 0x000000008c700000|  0%| F|  |TAMS 0x000000008c600000, 0x000000008c600000| Untracked 
| 199|0x000000008c700000, 0x000000008c700000, 0x000000008c800000|  0%| F|  |TAMS 0x000000008c700000, 0x000000008c700000| Untracked 
| 200|0x000000008c800000, 0x000000008c800000, 0x000000008c900000|  0%| F|  |TAMS 0x000000008c800000, 0x000000008c800000| Untracked 
| 201|0x000000008c900000, 0x000000008c969728, 0x000000008ca00000| 41%| E|  |TAMS 0x000000008c900000, 0x000000008c900000| Complete 
| 202|0x000000008ca00000, 0x000000008cb00000, 0x000000008cb00000|100%| E|CS|TAMS 0x000000008ca00000, 0x000000008ca00000| Complete 
| 203|0x000000008cb00000, 0x000000008cc00000, 0x000000008cc00000|100%| E|CS|TAMS 0x000000008cb00000, 0x000000008cb00000| Complete 
| 204|0x000000008cc00000, 0x000000008cd00000, 0x000000008cd00000|100%| E|CS|TAMS 0x000000008cc00000, 0x000000008cc00000| Complete 
| 205|0x000000008cd00000, 0x000000008ce00000, 0x000000008ce00000|100%| E|CS|TAMS 0x000000008cd00000, 0x000000008cd00000| Complete 
| 206|0x000000008ce00000, 0x000000008cf00000, 0x000000008cf00000|100%| E|CS|TAMS 0x000000008ce00000, 0x000000008ce00000| Complete 
| 207|0x000000008cf00000, 0x000000008d000000, 0x000000008d000000|100%| E|CS|TAMS 0x000000008cf00000, 0x000000008cf00000| Complete 
| 208|0x000000008d000000, 0x000000008d100000, 0x000000008d100000|100%| E|CS|TAMS 0x000000008d000000, 0x000000008d000000| Complete 
| 209|0x000000008d100000, 0x000000008d200000, 0x000000008d200000|100%| E|CS|TAMS 0x000000008d100000, 0x000000008d100000| Complete 
| 210|0x000000008d200000, 0x000000008d300000, 0x000000008d300000|100%| E|CS|TAMS 0x000000008d200000, 0x000000008d200000| Complete 
| 211|0x000000008d300000, 0x000000008d400000, 0x000000008d400000|100%| E|CS|TAMS 0x000000008d300000, 0x000000008d300000| Complete 
| 212|0x000000008d400000, 0x000000008d500000, 0x000000008d500000|100%| E|CS|TAMS 0x000000008d400000, 0x000000008d400000| Complete 
| 213|0x000000008d500000, 0x000000008d600000, 0x000000008d600000|100%| E|CS|TAMS 0x000000008d500000, 0x000000008d500000| Complete 
| 214|0x000000008d600000, 0x000000008d700000, 0x000000008d700000|100%| E|CS|TAMS 0x000000008d600000, 0x000000008d600000| Complete 
| 215|0x000000008d700000, 0x000000008d800000, 0x000000008d800000|100%| E|CS|TAMS 0x000000008d700000, 0x000000008d700000| Complete 
| 216|0x000000008d800000, 0x000000008d900000, 0x000000008d900000|100%| E|CS|TAMS 0x000000008d800000, 0x000000008d800000| Complete 
| 217|0x000000008d900000, 0x000000008da00000, 0x000000008da00000|100%| E|CS|TAMS 0x000000008d900000, 0x000000008d900000| Complete 
| 218|0x000000008da00000, 0x000000008db00000, 0x000000008db00000|100%| E|CS|TAMS 0x000000008da00000, 0x000000008da00000| Complete 
| 219|0x000000008db00000, 0x000000008dc00000, 0x000000008dc00000|100%| E|CS|TAMS 0x000000008db00000, 0x000000008db00000| Complete 
| 220|0x000000008dc00000, 0x000000008dd00000, 0x000000008dd00000|100%| E|CS|TAMS 0x000000008dc00000, 0x000000008dc00000| Complete 
| 221|0x000000008dd00000, 0x000000008de00000, 0x000000008de00000|100%| E|CS|TAMS 0x000000008dd00000, 0x000000008dd00000| Complete 
| 222|0x000000008de00000, 0x000000008df00000, 0x000000008df00000|100%| E|CS|TAMS 0x000000008de00000, 0x000000008de00000| Complete 
| 223|0x000000008df00000, 0x000000008e000000, 0x000000008e000000|100%| E|CS|TAMS 0x000000008df00000, 0x000000008df00000| Complete 
| 224|0x000000008e000000, 0x000000008e100000, 0x000000008e100000|100%| E|CS|TAMS 0x000000008e000000, 0x000000008e000000| Complete 
| 225|0x000000008e100000, 0x000000008e200000, 0x000000008e200000|100%| E|CS|TAMS 0x000000008e100000, 0x000000008e100000| Complete 
| 226|0x000000008e200000, 0x000000008e300000, 0x000000008e300000|100%| E|CS|TAMS 0x000000008e200000, 0x000000008e200000| Complete 
| 227|0x000000008e300000, 0x000000008e400000, 0x000000008e400000|100%| E|CS|TAMS 0x000000008e300000, 0x000000008e300000| Complete 
| 228|0x000000008e400000, 0x000000008e500000, 0x000000008e500000|100%| E|  |TAMS 0x000000008e400000, 0x000000008e400000| Complete 
| 229|0x000000008e500000, 0x000000008e600000, 0x000000008e600000|100%| E|CS|TAMS 0x000000008e500000, 0x000000008e500000| Complete 
| 230|0x000000008e600000, 0x000000008e700000, 0x000000008e700000|100%| E|CS|TAMS 0x000000008e600000, 0x000000008e600000| Complete 
| 231|0x000000008e700000, 0x000000008e800000, 0x000000008e800000|100%| E|CS|TAMS 0x000000008e700000, 0x000000008e700000| Complete 
| 232|0x000000008e800000, 0x000000008e900000, 0x000000008e900000|100%| E|CS|TAMS 0x000000008e800000, 0x000000008e800000| Complete 
| 233|0x000000008e900000, 0x000000008ea00000, 0x000000008ea00000|100%| E|CS|TAMS 0x000000008e900000, 0x000000008e900000| Complete 
| 234|0x000000008ea00000, 0x000000008eb00000, 0x000000008eb00000|100%| E|CS|TAMS 0x000000008ea00000, 0x000000008ea00000| Complete 
| 235|0x000000008eb00000, 0x000000008ec00000, 0x000000008ec00000|100%| E|CS|TAMS 0x000000008eb00000, 0x000000008eb00000| Complete 
| 236|0x000000008ec00000, 0x000000008ed00000, 0x000000008ed00000|100%| E|CS|TAMS 0x000000008ec00000, 0x000000008ec00000| Complete 
| 237|0x000000008ed00000, 0x000000008ee00000, 0x000000008ee00000|100%| E|CS|TAMS 0x000000008ed00000, 0x000000008ed00000| Complete 
| 238|0x000000008ee00000, 0x000000008ef00000, 0x000000008ef00000|100%| E|CS|TAMS 0x000000008ee00000, 0x000000008ee00000| Complete 
| 239|0x000000008ef00000, 0x000000008f000000, 0x000000008f000000|100%| E|CS|TAMS 0x000000008ef00000, 0x000000008ef00000| Complete 
| 240|0x000000008f000000, 0x000000008f100000, 0x000000008f100000|100%| E|CS|TAMS 0x000000008f000000, 0x000000008f000000| Complete 
| 241|0x000000008f100000, 0x000000008f200000, 0x000000008f200000|100%| E|CS|TAMS 0x000000008f100000, 0x000000008f100000| Complete 
| 242|0x000000008f200000, 0x000000008f300000, 0x000000008f300000|100%| E|CS|TAMS 0x000000008f200000, 0x000000008f200000| Complete 
| 243|0x000000008f300000, 0x000000008f400000, 0x000000008f400000|100%| E|CS|TAMS 0x000000008f300000, 0x000000008f300000| Complete 
| 244|0x000000008f400000, 0x000000008f500000, 0x000000008f500000|100%| E|CS|TAMS 0x000000008f400000, 0x000000008f400000| Complete 
| 245|0x000000008f500000, 0x000000008f600000, 0x000000008f600000|100%| E|CS|TAMS 0x000000008f500000, 0x000000008f500000| Complete 
| 246|0x000000008f600000, 0x000000008f700000, 0x000000008f700000|100%| E|CS|TAMS 0x000000008f600000, 0x000000008f600000| Complete 
| 247|0x000000008f700000, 0x000000008f800000, 0x000000008f800000|100%| E|CS|TAMS 0x000000008f700000, 0x000000008f700000| Complete 
| 248|0x000000008f800000, 0x000000008f900000, 0x000000008f900000|100%| E|CS|TAMS 0x000000008f800000, 0x000000008f800000| Complete 
| 249|0x000000008f900000, 0x000000008fa00000, 0x000000008fa00000|100%| E|CS|TAMS 0x000000008f900000, 0x000000008f900000| Complete 
| 250|0x000000008fa00000, 0x000000008fb00000, 0x000000008fb00000|100%| E|CS|TAMS 0x000000008fa00000, 0x000000008fa00000| Complete 
| 251|0x000000008fb00000, 0x000000008fc00000, 0x000000008fc00000|100%| E|CS|TAMS 0x000000008fb00000, 0x000000008fb00000| Complete 
| 252|0x000000008fc00000, 0x000000008fd00000, 0x000000008fd00000|100%| E|CS|TAMS 0x000000008fc00000, 0x000000008fc00000| Complete 
| 253|0x000000008fd00000, 0x000000008fe00000, 0x000000008fe00000|100%| E|CS|TAMS 0x000000008fd00000, 0x000000008fd00000| Complete 
| 254|0x000000008fe00000, 0x000000008ff00000, 0x000000008ff00000|100%| E|CS|TAMS 0x000000008fe00000, 0x000000008fe00000| Complete 
| 255|0x000000008ff00000, 0x0000000090000000, 0x0000000090000000|100%| E|CS|TAMS 0x000000008ff00000, 0x000000008ff00000| Complete 

Card table byte_map: [0x000002055d140000,0x000002055d540000] _byte_map_base: 0x000002055cd40000

Marking Bits (Prev, Next): (CMBitMap*) 0x0000020549d3f6e0, (CMBitMap*) 0x0000020549d3f6a8
 Prev Bits: [0x000002055f940000, 0x0000020561940000)
 Next Bits: [0x000002055d940000, 0x000002055f940000)

Polling page: 0x0000020547c90000

Metaspace:

Usage:
  Non-class:     72.73 MB capacity,    71.37 MB ( 98%) used,     1.11 MB (  2%) free+waste,   244.06 KB ( <1%) overhead. 
      Class:     11.38 MB capacity,    10.57 MB ( 93%) used,   718.59 KB (  6%) free+waste,   112.75 KB ( <1%) overhead. 
       Both:     84.11 MB capacity,    81.95 MB ( 97%) used,     1.81 MB (  2%) free+waste,   356.81 KB ( <1%) overhead. 

Virtual space:
  Non-class space:       74.00 MB reserved,      72.75 MB ( 98%) committed 
      Class space:        1.00 GB reserved,      11.45 MB (  1%) committed 
             Both:        1.07 GB reserved,      84.20 MB (  8%) committed 

Chunk freelists:
   Non-Class:  25.00 KB
       Class:  22.00 KB
        Both:  47.00 KB

MaxMetaspaceSize: 17179869184.00 GB
CompressedClassSpaceSize: 1.00 GB

CodeHeap 'non-profiled nmethods': size=120000Kb used=5501Kb max_used=5501Kb free=114498Kb
 bounds [0x00000205552c0000, 0x0000020555820000, 0x000002055c7f0000]
CodeHeap 'profiled nmethods': size=120000Kb used=20034Kb max_used=20034Kb free=99965Kb
 bounds [0x000002054dd90000, 0x000002054f130000, 0x00000205552c0000]
CodeHeap 'non-nmethods': size=5760Kb used=2281Kb max_used=2329Kb free=3479Kb
 bounds [0x000002054d7f0000, 0x000002054da60000, 0x000002054dd90000]
 total_blobs=10114 nmethods=9231 adapters=794
 compilation: enabled
              stopped_count=0, restarted_count=0
 full_count=0

Compilation events (20 events):
Event: 17.512 Thread 0x0000020564ea9800 9287       3       org.gradle.api.internal.changedetection.state.DefaultResourceSnapshotterCacheService::hashFile (99 bytes)
Event: 17.513 Thread 0x0000020564ea9800 nmethod 9287 0x000002054f116d90 code [0x000002054f117160, 0x000002054f118c28]
Event: 17.513 Thread 0x0000020564ea9800 9288       3       org.gradle.api.internal.changedetection.state.DefaultResourceSnapshotterCacheService::resourceHashCacheKey (25 bytes)
Event: 17.514 Thread 0x0000020564ea9800 nmethod 9288 0x000002054f119710 code [0x000002054f119a80, 0x000002054f11b118]
Event: 17.514 Thread 0x0000020564ea9800 9291       3       sun.nio.cs.UTF_8::newDecoder (9 bytes)
Event: 17.514 Thread 0x0000020564ea9800 nmethod 9291 0x000002054f11ba90 code [0x000002054f11bc80, 0x000002054f11bf08]
Event: 17.514 Thread 0x0000020564ea9800 9292       3       sun.nio.cs.UTF_8$Decoder::<init> (8 bytes)
Event: 17.515 Thread 0x0000020564ea9800 nmethod 9292 0x000002054f11c090 code [0x000002054f11c280, 0x000002054f11c428]
Event: 17.515 Thread 0x0000020564ea9800 9293       3       sun.nio.cs.StreamDecoder::<init> (59 bytes)
Event: 17.515 Thread 0x0000020564ea9800 nmethod 9293 0x000002054f11c510 code [0x000002054f11c740, 0x000002054f11cfa8]
Event: 17.515 Thread 0x0000020564ea9800 9294       3       sun.nio.ch.IOUtil::readIntoNativeBuffer (157 bytes)
Event: 17.516 Thread 0x0000020564ea9800 nmethod 9294 0x000002054f11d290 code [0x000002054f11d4e0, 0x000002054f11de28]
Event: 17.516 Thread 0x0000020564ea9800 9295   !   3       sun.nio.ch.IOUtil::read (129 bytes)
Event: 17.516 Thread 0x0000020564ea9800 nmethod 9295 0x000002054f11e110 code [0x000002054f11e380, 0x000002054f11ec48]
Event: 17.516 Thread 0x0000020564ea9800 9296       3       com.google.common.collect.ImmutableSet::copyOf (52 bytes)
Event: 17.517 Thread 0x0000020564ea9800 nmethod 9296 0x000002054f11f010 code [0x000002054f11f240, 0x000002054f11fa48]
Event: 17.518 Thread 0x0000020564ea9800 9298       3       java.lang.String::getChars (54 bytes)
Event: 17.518 Thread 0x0000020564ea9800 nmethod 9298 0x000002054f11fd10 code [0x000002054f11ff20, 0x000002054f1203d8]
Event: 17.518 Thread 0x0000020564ea9800 9297       3       com.google.common.collect.ImmutableListMultimap::of (4 bytes)
Event: 17.518 Thread 0x0000020564ea9800 nmethod 9297 0x000002054f120610 code [0x000002054f1207c0, 0x000002054f1208b8]

GC Heap History (16 events):
Event: 0.657 GC heap before
{Heap before GC invocations=0 (full 0):
 garbage-first heap   total 262144K, used 29696K [0x0000000080000000, 0x0000000100000000)
  region size 1024K, 24 young (24576K), 0 survivors (0K)
 Metaspace       used 10173K, capacity 10437K, committed 10624K, reserved 1058816K
  class space    used 1064K, capacity 1139K, committed 1152K, reserved 1048576K
}
Event: 0.660 GC heap after
{Heap after GC invocations=1 (full 0):
 garbage-first heap   total 262144K, used 9496K [0x0000000080000000, 0x0000000100000000)
  region size 1024K, 3 young (3072K), 3 survivors (3072K)
 Metaspace       used 10173K, capacity 10437K, committed 10624K, reserved 1058816K
  class space    used 1064K, capacity 1139K, committed 1152K, reserved 1048576K
}
Event: 5.280 GC heap before
{Heap before GC invocations=1 (full 0):
 garbage-first heap   total 262144K, used 105752K [0x0000000080000000, 0x0000000100000000)
  region size 1024K, 98 young (100352K), 3 survivors (3072K)
 Metaspace       used 20585K, capacity 21104K, committed 21248K, reserved 1067008K
  class space    used 2507K, capacity 2690K, committed 2816K, reserved 1048576K
}
Event: 5.286 GC heap after
{Heap after GC invocations=2 (full 0):
 garbage-first heap   total 262144K, used 17093K [0x0000000080000000, 0x0000000100000000)
  region size 1024K, 11 young (11264K), 11 survivors (11264K)
 Metaspace       used 20585K, capacity 21104K, committed 21248K, reserved 1067008K
  class space    used 2507K, capacity 2690K, committed 2816K, reserved 1048576K
}
Event: 5.478 GC heap before
{Heap before GC invocations=3 (full 0):
 garbage-first heap   total 262144K, used 39621K [0x0000000080000000, 0x0000000100000000)
  region size 1024K, 33 young (33792K), 11 survivors (11264K)
 Metaspace       used 22477K, capacity 23074K, committed 23424K, reserved 1069056K
  class space    used 2861K, capacity 3074K, committed 3200K, reserved 1048576K
}
Event: 5.482 GC heap after
{Heap after GC invocations=4 (full 0):
 garbage-first heap   total 262144K, used 17563K [0x0000000080000000, 0x0000000100000000)
  region size 1024K, 2 young (2048K), 2 survivors (2048K)
 Metaspace       used 22477K, capacity 23074K, committed 23424K, reserved 1069056K
  class space    used 2861K, capacity 3074K, committed 3200K, reserved 1048576K
}
Event: 6.657 GC heap before
{Heap before GC invocations=4 (full 0):
 garbage-first heap   total 262144K, used 105627K [0x0000000080000000, 0x0000000100000000)
  region size 1024K, 90 young (92160K), 2 survivors (2048K)
 Metaspace       used 35048K, capacity 35838K, committed 35840K, reserved 1081344K
  class space    used 4538K, capacity 4864K, committed 4864K, reserved 1048576K
}
Event: 6.664 GC heap after
{Heap after GC invocations=5 (full 0):
 garbage-first heap   total 262144K, used 21964K [0x0000000080000000, 0x0000000100000000)
  region size 1024K, 6 young (6144K), 6 survivors (6144K)
 Metaspace       used 35048K, capacity 35838K, committed 35840K, reserved 1081344K
  class space    used 4538K, capacity 4864K, committed 4864K, reserved 1048576K
}
Event: 7.857 GC heap before
{Heap before GC invocations=6 (full 0):
 garbage-first heap   total 262144K, used 146892K [0x0000000080000000, 0x0000000100000000)
  region size 1024K, 125 young (128000K), 6 survivors (6144K)
 Metaspace       used 44786K, capacity 45914K, committed 46156K, reserved 1089536K
  class space    used 5752K, capacity 6146K, committed 6220K, reserved 1048576K
}
Event: 7.864 GC heap after
{Heap after GC invocations=7 (full 0):
 garbage-first heap   total 262144K, used 29215K [0x0000000080000000, 0x0000000100000000)
  region size 1024K, 13 young (13312K), 13 survivors (13312K)
 Metaspace       used 44786K, capacity 45914K, committed 46156K, reserved 1089536K
  class space    used 5752K, capacity 6146K, committed 6220K, reserved 1048576K
}
Event: 9.878 GC heap before
{Heap before GC invocations=7 (full 0):
 garbage-first heap   total 262144K, used 164383K [0x0000000080000000, 0x0000000100000000)
  region size 1024K, 143 young (146432K), 13 survivors (13312K)
 Metaspace       used 58649K, capacity 60121K, committed 60236K, reserved 1101824K
  class space    used 7402K, capacity 7938K, committed 8012K, reserved 1048576K
}
Event: 9.900 GC heap after
{Heap after GC invocations=8 (full 0):
 garbage-first heap   total 262144K, used 44005K [0x0000000080000000, 0x0000000100000000)
  region size 1024K, 18 young (18432K), 18 survivors (18432K)
 Metaspace       used 58649K, capacity 60121K, committed 60236K, reserved 1101824K
  class space    used 7402K, capacity 7938K, committed 8012K, reserved 1048576K
}
Event: 11.456 GC heap before
{Heap before GC invocations=9 (full 0):
 garbage-first heap   total 262144K, used 182245K [0x0000000080000000, 0x0000000100000000)
  region size 1024K, 153 young (156672K), 18 survivors (18432K)
 Metaspace       used 70965K, capacity 72699K, committed 72780K, reserved 1112064K
  class space    used 9148K, capacity 9778K, committed 9804K, reserved 1048576K
}
Event: 11.470 GC heap after
{Heap after GC invocations=10 (full 0):
 garbage-first heap   total 262144K, used 55345K [0x0000000080000000, 0x0000000100000000)
  region size 1024K, 12 young (12288K), 12 survivors (12288K)
 Metaspace       used 70965K, capacity 72699K, committed 72780K, reserved 1112064K
  class space    used 9148K, capacity 9778K, committed 9804K, reserved 1048576K
}
Event: 13.811 GC heap before
{Heap before GC invocations=10 (full 0):
 garbage-first heap   total 262144K, used 193585K [0x0000000080000000, 0x0000000100000000)
  region size 1024K, 148 young (151552K), 12 survivors (12288K)
 Metaspace       used 81584K, capacity 83721K, committed 83916K, reserved 1122304K
  class space    used 10560K, capacity 11354K, committed 11468K, reserved 1048576K
}
Event: 13.823 GC heap after
{Heap after GC invocations=11 (full 0):
 garbage-first heap   total 262144K, used 66000K [0x0000000080000000, 0x0000000100000000)
  region size 1024K, 12 young (12288K), 12 survivors (12288K)
 Metaspace       used 81584K, capacity 83721K, committed 83916K, reserved 1122304K
  class space    used 10560K, capacity 11354K, committed 11468K, reserved 1048576K
}

Deoptimization events (20 events):
Event: 16.634 Thread 0x000002056c785000 DEOPT PACKING pc=0x00000205557b6a00 sp=0x000000a6232fe680
Event: 16.634 Thread 0x000002056c785000 DEOPT UNPACKING pc=0x000002054d8178af sp=0x000000a6232fe658 mode 2
Event: 17.460 Thread 0x000002056c785000 Uncommon trap: trap_request=0xffffffc6 fr.pc=0x00000205557b6a00 relative=0x00000000000012a0
Event: 17.460 Thread 0x000002056c785000 Uncommon trap: reason=bimorphic_or_optimized_type_check action=maybe_recompile pc=0x00000205557b6a00 method=org.gradle.internal.snapshot.ChildMap$Entry.handleAncestorDescendantOrExactMatch(Lorg/gradle/internal/snapshot/VfsRelativePath;Lorg/gradle/internal
Event: 17.460 Thread 0x000002056c785000 DEOPT PACKING pc=0x00000205557b6a00 sp=0x000000a6232fe5f0
Event: 17.460 Thread 0x000002056c785000 DEOPT UNPACKING pc=0x000002054d8178af sp=0x000000a6232fe5c8 mode 2
Event: 17.462 Thread 0x000002056c785000 Uncommon trap: trap_request=0xffffffc6 fr.pc=0x00000205557b6700 relative=0x0000000000000fa0
Event: 17.462 Thread 0x000002056c785000 Uncommon trap: reason=bimorphic_or_optimized_type_check action=maybe_recompile pc=0x00000205557b6700 method=org.gradle.internal.snapshot.SnapshotUtil$1.handleAsDescendantOfChild(Lorg/gradle/internal/snapshot/VfsRelativePath;Lorg/gradle/internal/snapshot/F
Event: 17.462 Thread 0x000002056c785000 DEOPT PACKING pc=0x00000205557b6700 sp=0x000000a6232fbb10
Event: 17.462 Thread 0x000002056c785000 DEOPT UNPACKING pc=0x000002054d8178af sp=0x000000a6232fba00 mode 2
Event: 17.464 Thread 0x000002056c785000 Uncommon trap: trap_request=0xffffffc6 fr.pc=0x00000205557b6a00 relative=0x00000000000012a0
Event: 17.464 Thread 0x000002056c785000 Uncommon trap: reason=bimorphic_or_optimized_type_check action=maybe_recompile pc=0x00000205557b6a00 method=org.gradle.internal.snapshot.ChildMap$Entry.handleAncestorDescendantOrExactMatch(Lorg/gradle/internal/snapshot/VfsRelativePath;Lorg/gradle/internal
Event: 17.464 Thread 0x000002056c785000 DEOPT PACKING pc=0x00000205557b6a00 sp=0x000000a6232fe5f0
Event: 17.464 Thread 0x000002056c785000 DEOPT UNPACKING pc=0x000002054d8178af sp=0x000000a6232fe5c8 mode 2
Event: 17.464 Thread 0x000002056c785000 Uncommon trap: trap_request=0xffffffc6 fr.pc=0x00000205557b6a00 relative=0x00000000000012a0
Event: 17.464 Thread 0x000002056c785000 Uncommon trap: reason=bimorphic_or_optimized_type_check action=maybe_recompile pc=0x00000205557b6a00 method=org.gradle.internal.snapshot.ChildMap$Entry.handleAncestorDescendantOrExactMatch(Lorg/gradle/internal/snapshot/VfsRelativePath;Lorg/gradle/internal
Event: 17.464 Thread 0x000002056c785000 DEOPT PACKING pc=0x00000205557b6a00 sp=0x000000a6232fe5f0
Event: 17.464 Thread 0x000002056c785000 DEOPT UNPACKING pc=0x000002054d8178af sp=0x000000a6232fe5c8 mode 2
Event: 17.484 Thread 0x000002056a979000 DEOPT PACKING pc=0x000002054ddca43c sp=0x000000a6217fc110
Event: 17.484 Thread 0x000002056a979000 DEOPT UNPACKING pc=0x000002054d8176ce sp=0x000000a6217fb570 mode 0

Classes redefined (0 events):
No events

Internal exceptions (20 events):
Event: 12.861 Thread 0x0000020567883000 Exception <a 'java/lang/NoSuchMethodError'{0x000000008aff0970}: <clinit>> (0x000000008aff0970) thrown at [./src/hotspot/share/prims/jni.cpp, line 1362]
Event: 12.953 Thread 0x000002056c781800 Exception <a 'java/lang/NoSuchMethodError'{0x000000008ad2c268}: 'java.lang.Object java.lang.invoke.Invokers$Holder.linkToTargetMethod(java.lang.Object, java.lang.Object, java.lang.Object, int, java.lang.Object, java.lang.Object)'> (0x000000008ad2c268) thrown at [./src/hotspot/share/interpreter/linkResolver.cpp, line 773]
Event: 12.985 Thread 0x000002056c781800 Exception <a 'java/lang/IncompatibleClassChangeError'{0x000000008ad8bb78}: Found class java.lang.Object, but interface was expected> (0x000000008ad8bb78) thrown at [./src/hotspot/share/interpreter/linkResolver.cpp, line 839]
Event: 13.022 Thread 0x000002056c781800 Exception <a 'java/lang/NoSuchMethodError'{0x000000008ab7e8a8}: 'int java.lang.invoke.DirectMethodHandle$Holder.invokeStaticInit(java.lang.Object, java.lang.Object, java.lang.Object, java.lang.Object, java.lang.Object)'> (0x000000008ab7e8a8) thrown at [./src/hotspot/share/interpreter/linkResolver.cpp, line 773]
Event: 13.264 Thread 0x00000205685f3800 Exception <a 'java/lang/NoSuchMethodError'{0x000000008a092928}: 'java.lang.Object java.lang.invoke.DirectMethodHandle$Holder.invokeSpecialIFC(java.lang.Object, java.lang.Object, java.lang.Object)'> (0x000000008a092928) thrown at [./src/hotspot/share/interpreter/linkResolver.cpp, line 773]
Event: 13.264 Thread 0x00000205685ed000 Exception <a 'java/lang/NoSuchMethodError'{0x000000008a0bf260}: 'java.lang.Object java.lang.invoke.DirectMethodHandle$Holder.invokeSpecialIFC(java.lang.Object, java.lang.Object, java.lang.Object)'> (0x000000008a0bf260) thrown at [./src/hotspot/share/interpreter/linkResolver.cpp, line 773]
Event: 13.264 Thread 0x000002056a97d000 Exception <a 'java/lang/NoSuchMethodError'{0x0000000089e2a6c0}: 'java.lang.Object java.lang.invoke.DirectMethodHandle$Holder.invokeSpecialIFC(java.lang.Object, java.lang.Object, java.lang.Object)'> (0x0000000089e2a6c0) thrown at [./src/hotspot/share/interpreter/linkResolver.cpp, line 773]
Event: 13.264 Thread 0x00000205685ef800 Exception <a 'java/lang/NoSuchMethodError'{0x0000000089f541e0}: 'java.lang.Object java.lang.invoke.DirectMethodHandle$Holder.invokeSpecialIFC(java.lang.Object, java.lang.Object, java.lang.Object)'> (0x0000000089f541e0) thrown at [./src/hotspot/share/interpreter/linkResolver.cpp, line 773]
Event: 13.264 Thread 0x00000205685f2000 Exception <a 'java/lang/NoSuchMethodError'{0x000000008a0d7b20}: 'java.lang.Object java.lang.invoke.DirectMethodHandle$Holder.invokeSpecialIFC(java.lang.Object, java.lang.Object, java.lang.Object)'> (0x000000008a0d7b20) thrown at [./src/hotspot/share/interpreter/linkResolver.cpp, line 773]
Event: 13.264 Thread 0x000002056a979000 Exception <a 'java/lang/NoSuchMethodError'{0x0000000089f1c838}: 'java.lang.Object java.lang.invoke.DirectMethodHandle$Holder.invokeSpecialIFC(java.lang.Object, java.lang.Object, java.lang.Object)'> (0x0000000089f1c838) thrown at [./src/hotspot/share/interpreter/linkResolver.cpp, line 773]
Event: 13.264 Thread 0x000002056c781800 Exception <a 'java/lang/NoSuchMethodError'{0x0000000089ffe098}: 'java.lang.Object java.lang.invoke.DirectMethodHandle$Holder.invokeSpecialIFC(java.lang.Object, java.lang.Object, java.lang.Object)'> (0x0000000089ffe098) thrown at [./src/hotspot/share/interpreter/linkResolver.cpp, line 773]
Event: 13.264 Thread 0x000002056a978000 Exception <a 'java/lang/NoSuchMethodError'{0x000000008a04a008}: 'java.lang.Object java.lang.invoke.DirectMethodHandle$Holder.invokeSpecialIFC(java.lang.Object, java.lang.Object, java.lang.Object)'> (0x000000008a04a008) thrown at [./src/hotspot/share/interpreter/linkResolver.cpp, line 773]
Event: 13.264 Thread 0x00000205685f1000 Exception <a 'java/lang/NoSuchMethodError'{0x0000000089fc0318}: 'java.lang.Object java.lang.invoke.DirectMethodHandle$Holder.invokeSpecialIFC(java.lang.Object, java.lang.Object, java.lang.Object)'> (0x0000000089fc0318) thrown at [./src/hotspot/share/interpreter/linkResolver.cpp, line 773]
Event: 13.264 Thread 0x000002056a97c000 Exception <a 'java/lang/NoSuchMethodError'{0x000000008a06f7c8}: 'java.lang.Object java.lang.invoke.DirectMethodHandle$Holder.invokeSpecialIFC(java.lang.Object, java.lang.Object, java.lang.Object)'> (0x000000008a06f7c8) thrown at [./src/hotspot/share/interpreter/linkResolver.cpp, line 773]
Event: 13.363 Thread 0x000002056a97b800 Exception <a 'java/lang/NoSuchMethodError'{0x000000008956e378}: 'void java.lang.invoke.DirectMethodHandle$Holder.invokeVirtual(java.lang.Object, java.lang.Object)'> (0x000000008956e378) thrown at [./src/hotspot/share/interpreter/linkResolver.cpp, line 773]
Event: 13.363 Thread 0x00000205685f2000 Exception <a 'java/lang/NoSuchMethodError'{0x000000008944eba8}: 'void java.lang.invoke.DirectMethodHandle$Holder.invokeVirtual(java.lang.Object, java.lang.Object)'> (0x000000008944eba8) thrown at [./src/hotspot/share/interpreter/linkResolver.cpp, line 773]
Event: 13.366 Thread 0x000002056a978000 Exception <a 'java/lang/NoSuchMethodError'{0x00000000896f1d48}: 'void java.lang.invoke.DirectMethodHandle$Holder.invokeVirtual(java.lang.Object, java.lang.Object)'> (0x00000000896f1d48) thrown at [./src/hotspot/share/interpreter/linkResolver.cpp, line 773]
Event: 14.098 Thread 0x000002056c781800 Implicit null exception at 0x00000205555d0e84 to 0x00000205555d107c
Event: 16.623 Thread 0x000002056c781800 Exception <a 'java/lang/NoSuchMethodError'{0x000000008d0058c8}: <clinit>> (0x000000008d0058c8) thrown at [./src/hotspot/share/prims/jni.cpp, line 1362]
Event: 16.625 Thread 0x000002056c781800 Exception <a 'java/lang/NoSuchMethodError'{0x000000008d02e268}: <clinit>> (0x000000008d02e268) thrown at [./src/hotspot/share/prims/jni.cpp, line 1362]

Events (20 events):
Event: 17.497 loading class com/sun/xml/internal/stream/events/AttributeImpl done
Event: 17.497 loading class com/sun/xml/internal/stream/events/NamespaceImpl
Event: 17.497 loading class javax/xml/stream/events/Namespace
Event: 17.497 loading class javax/xml/stream/events/Namespace done
Event: 17.497 loading class com/sun/xml/internal/stream/events/NamespaceImpl done
Event: 17.497 loading class com/sun/org/apache/xerces/internal/util/NamespaceSupport$Prefixes
Event: 17.497 loading class com/sun/org/apache/xerces/internal/util/NamespaceSupport$Prefixes done
Event: 17.497 loading class com/android/aaptcompiler/XmlResourceBuilder
Event: 17.497 loading class com/android/aaptcompiler/XmlResourceBuilder done
Event: 17.513 loading class com/android/aaptcompiler/NamespaceContext
Event: 17.513 loading class com/android/aaptcompiler/NamespaceContext done
Event: 17.515 loading class com/sun/xml/internal/stream/util/ReadOnlyIterator
Event: 17.516 loading class com/sun/xml/internal/stream/util/ReadOnlyIterator done
Event: 17.516 loading class com/android/aaptcompiler/ResourceUtilsKt
Event: 17.516 loading class com/android/aaptcompiler/ResourceUtilsKt done
Event: 17.518 Executing VM operation: RevokeBias
Event: 17.518 Executing VM operation: RevokeBias done
Event: 17.519 loading class com/android/aapt/Resources$XmlElement
Event: 17.519 loading class com/android/aapt/Resources$XmlElement done
Event: 17.519 Executing VM operation: BulkRevokeBias


Dynamic libraries:
0x00007ff73b660000 - 0x00007ff73b66a000 	C:\Program Files\Android\Android Studio\jre\bin\java.exe
0x00007ffb447f0000 - 0x00007ffb449e5000 	C:\WINDOWS\SYSTEM32\ntdll.dll
0x00007ffb42ce0000 - 0x00007ffb42d9e000 	C:\WINDOWS\System32\KERNEL32.DLL
0x00007ffb424a0000 - 0x00007ffb42768000 	C:\WINDOWS\System32\KERNELBASE.dll
0x00007ffb421b0000 - 0x00007ffb422b0000 	C:\WINDOWS\System32\ucrtbase.dll
0x00007ffb3cb60000 - 0x00007ffb3cb77000 	C:\Program Files\Android\Android Studio\jre\bin\VCRUNTIME140.dll
0x00007ffb3ca10000 - 0x00007ffb3ca29000 	C:\Program Files\Android\Android Studio\jre\bin\jli.dll
0x00007ffb43cb0000 - 0x00007ffb43e51000 	C:\WINDOWS\System32\USER32.dll
0x00007ffb42770000 - 0x00007ffb42792000 	C:\WINDOWS\System32\win32u.dll
0x00007ffb43500000 - 0x00007ffb4352b000 	C:\WINDOWS\System32\GDI32.dll
0x00007ffb422b0000 - 0x00007ffb423bb000 	C:\WINDOWS\System32\gdi32full.dll
0x00007ffb2b710000 - 0x00007ffb2b9aa000 	C:\WINDOWS\WinSxS\amd64_microsoft.windows.common-controls_6595b64144ccf1df_6.0.19041.1110_none_60b5254171f9507e\COMCTL32.dll
0x00007ffb427a0000 - 0x00007ffb4283d000 	C:\WINDOWS\System32\msvcp_win.dll
0x00007ffb43460000 - 0x00007ffb434fe000 	C:\WINDOWS\System32\msvcrt.dll
0x00007ffb42ec0000 - 0x00007ffb42ef0000 	C:\WINDOWS\System32\IMM32.DLL
0x00007ffb0f2c0000 - 0x00007ffb0f35d000 	C:\Program Files\Android\Android Studio\jre\bin\msvcp140.dll
0x00007ffaf3100000 - 0x00007ffaf3bcf000 	C:\Program Files\Android\Android Studio\jre\bin\server\jvm.dll
0x00007ffb42ba0000 - 0x00007ffb42c4c000 	C:\WINDOWS\System32\ADVAPI32.dll
0x00007ffb43220000 - 0x00007ffb432bb000 	C:\WINDOWS\System32\sechost.dll
0x00007ffb43330000 - 0x00007ffb4345a000 	C:\WINDOWS\System32\RPCRT4.dll
0x00007ffb42f10000 - 0x00007ffb42f18000 	C:\WINDOWS\System32\PSAPI.DLL
0x00007ffb2ee60000 - 0x00007ffb2ee87000 	C:\WINDOWS\SYSTEM32\WINMM.dll
0x00007ffb3b690000 - 0x00007ffb3b69a000 	C:\WINDOWS\SYSTEM32\VERSION.dll
0x00007ffb2abf0000 - 0x00007ffb2abf9000 	C:\WINDOWS\SYSTEM32\WSOCK32.dll
0x00007ffb43590000 - 0x00007ffb435fb000 	C:\WINDOWS\System32\WS2_32.dll
0x00007ffb3fdf0000 - 0x00007ffb3fe02000 	C:\WINDOWS\SYSTEM32\kernel.appcore.dll
0x00007ffb39780000 - 0x00007ffb39791000 	C:\Program Files\Android\Android Studio\jre\bin\verify.dll
0x00007ffb38680000 - 0x00007ffb38864000 	C:\WINDOWS\SYSTEM32\DBGHELP.DLL
0x00007ffb37c10000 - 0x00007ffb37c3c000 	C:\WINDOWS\SYSTEM32\dbgcore.DLL
0x00007ffb41fc0000 - 0x00007ffb42043000 	C:\WINDOWS\System32\bcryptPrimitives.dll
0x00007ffb35ef0000 - 0x00007ffb35f19000 	C:\Program Files\Android\Android Studio\jre\bin\java.dll
0x00007ffb39ab0000 - 0x00007ffb39abb000 	C:\Program Files\Android\Android Studio\jre\bin\jimage.dll
0x00007ffb35900000 - 0x00007ffb35918000 	C:\Program Files\Android\Android Studio\jre\bin\zip.dll
0x00007ffb44010000 - 0x00007ffb4474f000 	C:\WINDOWS\System32\SHELL32.dll
0x00007ffb3fff0000 - 0x00007ffb40780000 	C:\WINDOWS\SYSTEM32\windows.storage.dll
0x00007ffb42840000 - 0x00007ffb42b95000 	C:\WINDOWS\System32\combase.dll
0x00007ffb41880000 - 0x00007ffb418ae000 	C:\WINDOWS\SYSTEM32\Wldp.dll
0x00007ffb42fe0000 - 0x00007ffb4308d000 	C:\WINDOWS\System32\SHCORE.dll
0x00007ffb44750000 - 0x00007ffb447a5000 	C:\WINDOWS\System32\shlwapi.dll
0x00007ffb41e50000 - 0x00007ffb41e6f000 	C:\WINDOWS\SYSTEM32\profapi.dll
0x00007ffb35820000 - 0x00007ffb3583a000 	C:\Program Files\Android\Android Studio\jre\bin\net.dll
0x00007ffb384e0000 - 0x00007ffb385ec000 	C:\WINDOWS\SYSTEM32\WINHTTP.dll
0x00007ffb41660000 - 0x00007ffb416ca000 	C:\WINDOWS\system32\mswsock.dll
0x00007ffb355c0000 - 0x00007ffb355d4000 	C:\Program Files\Android\Android Studio\jre\bin\nio.dll
0x00007ffb22b90000 - 0x00007ffb22bb7000 	C:\Users\mg010\.gradle\native\8bec1ad78214c89d9ad589b4d07fe93259594b29d510b10fafb7a158f7737e5d\windows-amd64\native-platform.dll
0x00007ffb09520000 - 0x00007ffb0965d000 	C:\Users\mg010\.gradle\native\53dbd7edfb1c66fb8903c78663c9afc45aea4f116125fa6feffd364cf09443e8\windows-amd64\native-platform-file-events.dll
0x00007ffb39940000 - 0x00007ffb3994a000 	C:\Program Files\Android\Android Studio\jre\bin\management.dll
0x00007ffb39770000 - 0x00007ffb3977c000 	C:\Program Files\Android\Android Studio\jre\bin\management_ext.dll
0x00007ffb41bc0000 - 0x00007ffb41bd8000 	C:\WINDOWS\SYSTEM32\CRYPTSP.dll
0x00007ffb40f90000 - 0x00007ffb40fc4000 	C:\WINDOWS\system32\rsaenh.dll
0x00007ffb423c0000 - 0x00007ffb423e7000 	C:\WINDOWS\System32\bcrypt.dll
0x00007ffb41e10000 - 0x00007ffb41e3e000 	C:\WINDOWS\SYSTEM32\USERENV.dll
0x00007ffb417f0000 - 0x00007ffb417fc000 	C:\WINDOWS\SYSTEM32\CRYPTBASE.dll
0x00007ffb41320000 - 0x00007ffb4135b000 	C:\WINDOWS\SYSTEM32\IPHLPAPI.DLL
0x00007ffb42fd0000 - 0x00007ffb42fd8000 	C:\WINDOWS\System32\NSI.dll
0x00007ffb3b950000 - 0x00007ffb3b967000 	C:\WINDOWS\SYSTEM32\dhcpcsvc6.DLL
0x00007ffb3b6c0000 - 0x00007ffb3b6dd000 	C:\WINDOWS\SYSTEM32\dhcpcsvc.DLL
0x00007ffb41360000 - 0x00007ffb4142b000 	C:\WINDOWS\SYSTEM32\DNSAPI.dll

dbghelp: loaded successfully - version: 4.0.5 - missing functions: none
symbol engine: initialized successfully - sym options: 0x614 - pdb path: .;C:\Program Files\Android\Android Studio\jre\bin;C:\WINDOWS\SYSTEM32;C:\WINDOWS\WinSxS\amd64_microsoft.windows.common-controls_6595b64144ccf1df_6.0.19041.1110_none_60b5254171f9507e;C:\Program Files\Android\Android Studio\jre\bin\server;C:\Users\mg010\.gradle\native\8bec1ad78214c89d9ad589b4d07fe93259594b29d510b10fafb7a158f7737e5d\windows-amd64;C:\Users\mg010\.gradle\native\53dbd7edfb1c66fb8903c78663c9afc45aea4f116125fa6feffd364cf09443e8\windows-amd64

VM Arguments:
jvm_args: --add-opens=java.base/java.util=ALL-UNNAMED --add-opens=java.base/java.lang=ALL-UNNAMED --add-opens=java.base/java.lang.invoke=ALL-UNNAMED --add-opens=java.base/java.util=ALL-UNNAMED --add-opens=java.prefs/java.util.prefs=ALL-UNNAMED --add-opens=java.prefs/java.util.prefs=ALL-UNNAMED --add-opens=java.base/java.nio.charset=ALL-UNNAMED --add-opens=java.base/java.net=ALL-UNNAMED --add-opens=java.base/java.util.concurrent.atomic=ALL-UNNAMED -Xmx2048m -Dfile.encoding=UTF-8 -Duser.country=KR -Duser.language=ko -Duser.variant 
java_command: org.gradle.launcher.daemon.bootstrap.GradleDaemon 7.0.2
java_class_path (initial): C:\Users\mg010\.gradle\wrapper\dists\gradle-7.0.2-bin\857tjihv64xamwrf0h14cai3r\gradle-7.0.2\lib\gradle-launcher-7.0.2.jar
Launcher Type: SUN_STANDARD

[Global flags]
     intx CICompilerCount                          = 4                                         {product} {ergonomic}
     uint ConcGCThreads                            = 3                                         {product} {ergonomic}
     uint G1ConcRefinementThreads                  = 10                                        {product} {ergonomic}
   size_t G1HeapRegionSize                         = 1048576                                   {product} {ergonomic}
    uintx GCDrainStackTargetSize                   = 64                                        {product} {ergonomic}
   size_t InitialHeapSize                          = 268435456                                 {product} {ergonomic}
   size_t MarkStackSize                            = 4194304                                   {product} {ergonomic}
   size_t MaxHeapSize                              = 2147483648                                {product} {command line}
   size_t MaxNewSize                               = 1287651328                                {product} {ergonomic}
   size_t MinHeapDeltaBytes                        = 1048576                                   {product} {ergonomic}
    uintx NonNMethodCodeHeapSize                   = 5836300                                {pd product} {ergonomic}
    uintx NonProfiledCodeHeapSize                  = 122910970                              {pd product} {ergonomic}
    uintx ProfiledCodeHeapSize                     = 122910970                              {pd product} {ergonomic}
    uintx ReservedCodeCacheSize                    = 251658240                              {pd product} {ergonomic}
     bool SegmentedCodeCache                       = true                                      {product} {ergonomic}
     bool UseCompressedClassPointers               = true                                 {lp64_product} {ergonomic}
     bool UseCompressedOops                        = true                                 {lp64_product} {ergonomic}
     bool UseG1GC                                  = true                                      {product} {ergonomic}
     bool UseLargePagesIndividualAllocation        = false                                  {pd product} {ergonomic}

Logging:
Log output configuration:
 #0: stdout all=warning uptime,level,tags
 #1: stderr all=off uptime,level,tags

Environment Variables:
PATH=C:\Program Files\Common Files\Oracle\Java\javapath;C:\Program Files (x86)\Razer Chroma SDK\bin;C:\Program Files\Razer Chroma SDK\bin;C:\Program Files (x86)\Razer\ChromaBroadcast\bin;C:\Program Files\Razer\ChromaBroadcast\bin;C:\WINDOWS\system32;C:\WINDOWS;C:\WINDOWS\System32\Wbem;C:\WINDOWS\System32\WindowsPowerShell\v1.0\;C:\WINDOWS\System32\OpenSSH\;C:\WINDOWS\system32\config\systemprofile\AppData\Local\Microsoft\WindowsApps;C:\WINDOWS\system32;C:\WINDOWS;C:\WINDOWS\System32\Wbem;C:\WINDOWS\System32\WindowsPowerShell\v1.0\;C:\WINDOWS\System32\OpenSSH\;C:\Program Files (x86)\NVIDIA Corporation\PhysX\Common;C:\Program Files\NVIDIA Corporation\NVIDIA NvDLISR;C:\Program Files\Git\cmd;C:\Program Files\Android\Android Studio\jre\bin;C:\Users\mg010\AppData\Local\Programs\Python\Python38-32\Scripts\;C:\Users\mg010\AppData\Local\Programs\Python\Python38-32\;C:\Users\mg010\AppData\Local\Microsoft\WindowsApps;
USERNAME=mg010
OS=Windows_NT
PROCESSOR_IDENTIFIER=Intel64 Family 6 Model 158 Stepping 10, GenuineIntel



---------------  S Y S T E M  ---------------

OS: Windows 10 , 64 bit Build 19041 (10.0.19041.1348)
OS uptime: 3 days 9:57 hours
Hyper-V role detected

CPU:total 12 (initial active 12) (6 cores per cpu, 2 threads per core) family 6 model 158 stepping 10 microcode 0xb4, cmov, cx8, fxsr, mmx, sse, sse2, sse3, ssse3, sse4.1, sse4.2, popcnt, avx, avx2, aes, clmul, erms, rtm, 3dnowpref, lzcnt, ht, tsc, tscinvbit, bmi1, bmi2, adx, fma

Memory: 4k page, system-wide physical 16312M (1388M free)
TotalPageFile size 24504M (AvailPageFile size 1049M)
current process WorkingSet (physical memory assigned to process): 452M, peak: 482M
current process commit charge ("private bytes"): 520M, peak: 552M

vm_info: OpenJDK 64-Bit Server VM (11.0.10+0-b96-7249189) for windows-amd64 JRE (11.0.10+0-b96-7249189), built on Mar 31 2021 21:44:00 by "builder" with MS VC++ 14.0 (VS2015)

END.
